The system is: Linux - 3.10.0-514.2.2.el7.x86_64 - x86_64
Compiling the C compiler identification source file "CMakeCCompilerId.c" succeeded.
Compiler: /bin/cc 
Build flags: 
Id flags: 

The output was:
0


Compilation of the C compiler identification source "CMakeCCompilerId.c" produced "a.out"

The C compiler identification is GNU, found in "/home/nitin/CMSC733/dlib-19.2/tools/python/build/CMakeFiles/2.8.12.2/CompilerIdC/a.out"

Compiling the CXX compiler identification source file "CMakeCXXCompilerId.cpp" succeeded.
Compiler: /bin/c++ 
Build flags: 
Id flags: 

The output was:
0


Compilation of the CXX compiler identification source "CMakeCXXCompilerId.cpp" produced "a.out"

The CXX compiler identification is GNU, found in "/home/nitin/CMSC733/dlib-19.2/tools/python/build/CMakeFiles/2.8.12.2/CompilerIdCXX/a.out"

Determining if the C compiler works passed with the following output:
Change Dir: /home/nitin/CMSC733/dlib-19.2/tools/python/build/CMakeFiles/CMakeTmp

Run Build Command:/bin/gmake "cmTryCompileExec4172915239/fast"
/bin/gmake -f CMakeFiles/cmTryCompileExec4172915239.dir/build.make CMakeFiles/cmTryCompileExec4172915239.dir/build
gmake[1]: Entering directory `/home/nitin/CMSC733/dlib-19.2/tools/python/build/CMakeFiles/CMakeTmp'
/usr/bin/cmake -E cmake_progress_report /home/nitin/CMSC733/dlib-19.2/tools/python/build/CMakeFiles/CMakeTmp/CMakeFiles 1
Building C object CMakeFiles/cmTryCompileExec4172915239.dir/testCCompiler.c.o
/bin/cc    -o CMakeFiles/cmTryCompileExec4172915239.dir/testCCompiler.c.o   -c /home/nitin/CMSC733/dlib-19.2/tools/python/build/CMakeFiles/CMakeTmp/testCCompiler.c
Linking C executable cmTryCompileExec4172915239
/usr/bin/cmake -E cmake_link_script CMakeFiles/cmTryCompileExec4172915239.dir/link.txt --verbose=1
/bin/cc       CMakeFiles/cmTryCompileExec4172915239.dir/testCCompiler.c.o  -o cmTryCompileExec4172915239 -rdynamic 
gmake[1]: Leaving directory `/home/nitin/CMSC733/dlib-19.2/tools/python/build/CMakeFiles/CMakeTmp'


Detecting C compiler ABI info compiled with the following output:
Change Dir: /home/nitin/CMSC733/dlib-19.2/tools/python/build/CMakeFiles/CMakeTmp

Run Build Command:/bin/gmake "cmTryCompileExec2231148709/fast"
/bin/gmake -f CMakeFiles/cmTryCompileExec2231148709.dir/build.make CMakeFiles/cmTryCompileExec2231148709.dir/build
gmake[1]: Entering directory `/home/nitin/CMSC733/dlib-19.2/tools/python/build/CMakeFiles/CMakeTmp'
/usr/bin/cmake -E cmake_progress_report /home/nitin/CMSC733/dlib-19.2/tools/python/build/CMakeFiles/CMakeTmp/CMakeFiles 1
Building C object CMakeFiles/cmTryCompileExec2231148709.dir/CMakeCCompilerABI.c.o
/bin/cc    -o CMakeFiles/cmTryCompileExec2231148709.dir/CMakeCCompilerABI.c.o   -c /usr/share/cmake/Modules/CMakeCCompilerABI.c
Linking C executable cmTryCompileExec2231148709
/usr/bin/cmake -E cmake_link_script CMakeFiles/cmTryCompileExec2231148709.dir/link.txt --verbose=1
/bin/cc     -v CMakeFiles/cmTryCompileExec2231148709.dir/CMakeCCompilerABI.c.o  -o cmTryCompileExec2231148709 -rdynamic  
Using built-in specs.
COLLECT_GCC=/bin/cc
COLLECT_LTO_WRAPPER=/usr/libexec/gcc/x86_64-redhat-linux/4.8.5/lto-wrapper
Target: x86_64-redhat-linux
Configured with: ../configure --prefix=/usr --mandir=/usr/share/man --infodir=/usr/share/info --with-bugurl=http://bugzilla.redhat.com/bugzilla --enable-bootstrap --enable-shared --enable-threads=posix --enable-checking=release --with-system-zlib --enable-__cxa_atexit --disable-libunwind-exceptions --enable-gnu-unique-object --enable-linker-build-id --with-linker-hash-style=gnu --enable-languages=c,c++,objc,obj-c++,java,fortran,ada,go,lto --enable-plugin --enable-initfini-array --disable-libgcj --with-isl=/builddir/build/BUILD/gcc-4.8.5-20150702/obj-x86_64-redhat-linux/isl-install --with-cloog=/builddir/build/BUILD/gcc-4.8.5-20150702/obj-x86_64-redhat-linux/cloog-install --enable-gnu-indirect-function --with-tune=generic --with-arch_32=x86-64 --build=x86_64-redhat-linux
Thread model: posix
gcc version 4.8.5 20150623 (Red Hat 4.8.5-11) (GCC) 
COMPILER_PATH=/usr/libexec/gcc/x86_64-redhat-linux/4.8.5/:/usr/libexec/gcc/x86_64-redhat-linux/4.8.5/:/usr/libexec/gcc/x86_64-redhat-linux/:/usr/lib/gcc/x86_64-redhat-linux/4.8.5/:/usr/lib/gcc/x86_64-redhat-linux/
LIBRARY_PATH=/usr/lib/gcc/x86_64-redhat-linux/4.8.5/:/usr/lib/gcc/x86_64-redhat-linux/4.8.5/../../../../lib64/:/lib/../lib64/:/usr/lib/../lib64/:/usr/lib/gcc/x86_64-redhat-linux/4.8.5/../../../:/lib/:/usr/lib/
COLLECT_GCC_OPTIONS='-v' '-o' 'cmTryCompileExec2231148709' '-rdynamic' '-mtune=generic' '-march=x86-64'
 /usr/libexec/gcc/x86_64-redhat-linux/4.8.5/collect2 --build-id --no-add-needed --eh-frame-hdr --hash-style=gnu -m elf_x86_64 -export-dynamic -dynamic-linker /lib64/ld-linux-x86-64.so.2 -o cmTryCompileExec2231148709 /usr/lib/gcc/x86_64-redhat-linux/4.8.5/../../../../lib64/crt1.o /usr/lib/gcc/x86_64-redhat-linux/4.8.5/../../../../lib64/crti.o /usr/lib/gcc/x86_64-redhat-linux/4.8.5/crtbegin.o -L/usr/lib/gcc/x86_64-redhat-linux/4.8.5 -L/usr/lib/gcc/x86_64-redhat-linux/4.8.5/../../../../lib64 -L/lib/../lib64 -L/usr/lib/../lib64 -L/usr/lib/gcc/x86_64-redhat-linux/4.8.5/../../.. CMakeFiles/cmTryCompileExec2231148709.dir/CMakeCCompilerABI.c.o -lgcc --as-needed -lgcc_s --no-as-needed -lc -lgcc --as-needed -lgcc_s --no-as-needed /usr/lib/gcc/x86_64-redhat-linux/4.8.5/crtend.o /usr/lib/gcc/x86_64-redhat-linux/4.8.5/../../../../lib64/crtn.o
gmake[1]: Leaving directory `/home/nitin/CMSC733/dlib-19.2/tools/python/build/CMakeFiles/CMakeTmp'


Parsed C implicit link information from above output:
  link line regex: [^( *|.*[/\])(ld|([^/\]+-)?ld|collect2)[^/\]*( |$)]
  ignore line: [Change Dir: /home/nitin/CMSC733/dlib-19.2/tools/python/build/CMakeFiles/CMakeTmp]
  ignore line: []
  ignore line: [Run Build Command:/bin/gmake "cmTryCompileExec2231148709/fast"]
  ignore line: [/bin/gmake -f CMakeFiles/cmTryCompileExec2231148709.dir/build.make CMakeFiles/cmTryCompileExec2231148709.dir/build]
  ignore line: [gmake[1]: Entering directory `/home/nitin/CMSC733/dlib-19.2/tools/python/build/CMakeFiles/CMakeTmp']
  ignore line: [/usr/bin/cmake -E cmake_progress_report /home/nitin/CMSC733/dlib-19.2/tools/python/build/CMakeFiles/CMakeTmp/CMakeFiles 1]
  ignore line: [Building C object CMakeFiles/cmTryCompileExec2231148709.dir/CMakeCCompilerABI.c.o]
  ignore line: [/bin/cc    -o CMakeFiles/cmTryCompileExec2231148709.dir/CMakeCCompilerABI.c.o   -c /usr/share/cmake/Modules/CMakeCCompilerABI.c]
  ignore line: [Linking C executable cmTryCompileExec2231148709]
  ignore line: [/usr/bin/cmake -E cmake_link_script CMakeFiles/cmTryCompileExec2231148709.dir/link.txt --verbose=1]
  ignore line: [/bin/cc     -v CMakeFiles/cmTryCompileExec2231148709.dir/CMakeCCompilerABI.c.o  -o cmTryCompileExec2231148709 -rdynamic  ]
  ignore line: [Using built-in specs.]
  ignore line: [COLLECT_GCC=/bin/cc]
  ignore line: [COLLECT_LTO_WRAPPER=/usr/libexec/gcc/x86_64-redhat-linux/4.8.5/lto-wrapper]
  ignore line: [Target: x86_64-redhat-linux]
  ignore line: [Configured with: ../configure --prefix=/usr --mandir=/usr/share/man --infodir=/usr/share/info --with-bugurl=http://bugzilla.redhat.com/bugzilla --enable-bootstrap --enable-shared --enable-threads=posix --enable-checking=release --with-system-zlib --enable-__cxa_atexit --disable-libunwind-exceptions --enable-gnu-unique-object --enable-linker-build-id --with-linker-hash-style=gnu --enable-languages=c,c++,objc,obj-c++,java,fortran,ada,go,lto --enable-plugin --enable-initfini-array --disable-libgcj --with-isl=/builddir/build/BUILD/gcc-4.8.5-20150702/obj-x86_64-redhat-linux/isl-install --with-cloog=/builddir/build/BUILD/gcc-4.8.5-20150702/obj-x86_64-redhat-linux/cloog-install --enable-gnu-indirect-function --with-tune=generic --with-arch_32=x86-64 --build=x86_64-redhat-linux]
  ignore line: [Thread model: posix]
  ignore line: [gcc version 4.8.5 20150623 (Red Hat 4.8.5-11) (GCC) ]
  ignore line: [COMPILER_PATH=/usr/libexec/gcc/x86_64-redhat-linux/4.8.5/:/usr/libexec/gcc/x86_64-redhat-linux/4.8.5/:/usr/libexec/gcc/x86_64-redhat-linux/:/usr/lib/gcc/x86_64-redhat-linux/4.8.5/:/usr/lib/gcc/x86_64-redhat-linux/]
  ignore line: [LIBRARY_PATH=/usr/lib/gcc/x86_64-redhat-linux/4.8.5/:/usr/lib/gcc/x86_64-redhat-linux/4.8.5/../../../../lib64/:/lib/../lib64/:/usr/lib/../lib64/:/usr/lib/gcc/x86_64-redhat-linux/4.8.5/../../../:/lib/:/usr/lib/]
  ignore line: [COLLECT_GCC_OPTIONS='-v' '-o' 'cmTryCompileExec2231148709' '-rdynamic' '-mtune=generic' '-march=x86-64']
  link line: [ /usr/libexec/gcc/x86_64-redhat-linux/4.8.5/collect2 --build-id --no-add-needed --eh-frame-hdr --hash-style=gnu -m elf_x86_64 -export-dynamic -dynamic-linker /lib64/ld-linux-x86-64.so.2 -o cmTryCompileExec2231148709 /usr/lib/gcc/x86_64-redhat-linux/4.8.5/../../../../lib64/crt1.o /usr/lib/gcc/x86_64-redhat-linux/4.8.5/../../../../lib64/crti.o /usr/lib/gcc/x86_64-redhat-linux/4.8.5/crtbegin.o -L/usr/lib/gcc/x86_64-redhat-linux/4.8.5 -L/usr/lib/gcc/x86_64-redhat-linux/4.8.5/../../../../lib64 -L/lib/../lib64 -L/usr/lib/../lib64 -L/usr/lib/gcc/x86_64-redhat-linux/4.8.5/../../.. CMakeFiles/cmTryCompileExec2231148709.dir/CMakeCCompilerABI.c.o -lgcc --as-needed -lgcc_s --no-as-needed -lc -lgcc --as-needed -lgcc_s --no-as-needed /usr/lib/gcc/x86_64-redhat-linux/4.8.5/crtend.o /usr/lib/gcc/x86_64-redhat-linux/4.8.5/../../../../lib64/crtn.o]
    arg [/usr/libexec/gcc/x86_64-redhat-linux/4.8.5/collect2] ==> ignore
    arg [--build-id] ==> ignore
    arg [--no-add-needed] ==> ignore
    arg [--eh-frame-hdr] ==> ignore
    arg [--hash-style=gnu] ==> ignore
    arg [-m] ==> ignore
    arg [elf_x86_64] ==> ignore
    arg [-export-dynamic] ==> ignore
    arg [-dynamic-linker] ==> ignore
    arg [/lib64/ld-linux-x86-64.so.2] ==> ignore
    arg [-o] ==> ignore
    arg [cmTryCompileExec2231148709] ==> ignore
    arg [/usr/lib/gcc/x86_64-redhat-linux/4.8.5/../../../../lib64/crt1.o] ==> ignore
    arg [/usr/lib/gcc/x86_64-redhat-linux/4.8.5/../../../../lib64/crti.o] ==> ignore
    arg [/usr/lib/gcc/x86_64-redhat-linux/4.8.5/crtbegin.o] ==> ignore
    arg [-L/usr/lib/gcc/x86_64-redhat-linux/4.8.5] ==> dir [/usr/lib/gcc/x86_64-redhat-linux/4.8.5]
    arg [-L/usr/lib/gcc/x86_64-redhat-linux/4.8.5/../../../../lib64] ==> dir [/usr/lib/gcc/x86_64-redhat-linux/4.8.5/../../../../lib64]
    arg [-L/lib/../lib64] ==> dir [/lib/../lib64]
    arg [-L/usr/lib/../lib64] ==> dir [/usr/lib/../lib64]
    arg [-L/usr/lib/gcc/x86_64-redhat-linux/4.8.5/../../..] ==> dir [/usr/lib/gcc/x86_64-redhat-linux/4.8.5/../../..]
    arg [CMakeFiles/cmTryCompileExec2231148709.dir/CMakeCCompilerABI.c.o] ==> ignore
    arg [-lgcc] ==> lib [gcc]
    arg [--as-needed] ==> ignore
    arg [-lgcc_s] ==> lib [gcc_s]
    arg [--no-as-needed] ==> ignore
    arg [-lc] ==> lib [c]
    arg [-lgcc] ==> lib [gcc]
    arg [--as-needed] ==> ignore
    arg [-lgcc_s] ==> lib [gcc_s]
    arg [--no-as-needed] ==> ignore
    arg [/usr/lib/gcc/x86_64-redhat-linux/4.8.5/crtend.o] ==> ignore
    arg [/usr/lib/gcc/x86_64-redhat-linux/4.8.5/../../../../lib64/crtn.o] ==> ignore
  remove lib [gcc]
  remove lib [gcc_s]
  remove lib [gcc]
  remove lib [gcc_s]
  collapse library dir [/usr/lib/gcc/x86_64-redhat-linux/4.8.5] ==> [/usr/lib/gcc/x86_64-redhat-linux/4.8.5]
  collapse library dir [/usr/lib/gcc/x86_64-redhat-linux/4.8.5/../../../../lib64] ==> [/usr/lib64]
  collapse library dir [/lib/../lib64] ==> [/lib64]
  collapse library dir [/usr/lib/../lib64] ==> [/usr/lib64]
  collapse library dir [/usr/lib/gcc/x86_64-redhat-linux/4.8.5/../../..] ==> [/usr/lib]
  implicit libs: [c]
  implicit dirs: [/usr/lib/gcc/x86_64-redhat-linux/4.8.5;/usr/lib64;/lib64;/usr/lib]
  implicit fwks: []


Determining if the CXX compiler works passed with the following output:
Change Dir: /home/nitin/CMSC733/dlib-19.2/tools/python/build/CMakeFiles/CMakeTmp

Run Build Command:/bin/gmake "cmTryCompileExec3632122398/fast"
/bin/gmake -f CMakeFiles/cmTryCompileExec3632122398.dir/build.make CMakeFiles/cmTryCompileExec3632122398.dir/build
gmake[1]: Entering directory `/home/nitin/CMSC733/dlib-19.2/tools/python/build/CMakeFiles/CMakeTmp'
/usr/bin/cmake -E cmake_progress_report /home/nitin/CMSC733/dlib-19.2/tools/python/build/CMakeFiles/CMakeTmp/CMakeFiles 1
Building CXX object CMakeFiles/cmTryCompileExec3632122398.dir/testCXXCompiler.cxx.o
/bin/c++     -o CMakeFiles/cmTryCompileExec3632122398.dir/testCXXCompiler.cxx.o -c /home/nitin/CMSC733/dlib-19.2/tools/python/build/CMakeFiles/CMakeTmp/testCXXCompiler.cxx
Linking CXX executable cmTryCompileExec3632122398
/usr/bin/cmake -E cmake_link_script CMakeFiles/cmTryCompileExec3632122398.dir/link.txt --verbose=1
/bin/c++        CMakeFiles/cmTryCompileExec3632122398.dir/testCXXCompiler.cxx.o  -o cmTryCompileExec3632122398 -rdynamic 
gmake[1]: Leaving directory `/home/nitin/CMSC733/dlib-19.2/tools/python/build/CMakeFiles/CMakeTmp'


Detecting CXX compiler ABI info compiled with the following output:
Change Dir: /home/nitin/CMSC733/dlib-19.2/tools/python/build/CMakeFiles/CMakeTmp

Run Build Command:/bin/gmake "cmTryCompileExec2099700815/fast"
/bin/gmake -f CMakeFiles/cmTryCompileExec2099700815.dir/build.make CMakeFiles/cmTryCompileExec2099700815.dir/build
gmake[1]: Entering directory `/home/nitin/CMSC733/dlib-19.2/tools/python/build/CMakeFiles/CMakeTmp'
/usr/bin/cmake -E cmake_progress_report /home/nitin/CMSC733/dlib-19.2/tools/python/build/CMakeFiles/CMakeTmp/CMakeFiles 1
Building CXX object CMakeFiles/cmTryCompileExec2099700815.dir/CMakeCXXCompilerABI.cpp.o
/bin/c++     -o CMakeFiles/cmTryCompileExec2099700815.dir/CMakeCXXCompilerABI.cpp.o -c /usr/share/cmake/Modules/CMakeCXXCompilerABI.cpp
Linking CXX executable cmTryCompileExec2099700815
/usr/bin/cmake -E cmake_link_script CMakeFiles/cmTryCompileExec2099700815.dir/link.txt --verbose=1
/bin/c++      -v CMakeFiles/cmTryCompileExec2099700815.dir/CMakeCXXCompilerABI.cpp.o  -o cmTryCompileExec2099700815 -rdynamic  
Using built-in specs.
COLLECT_GCC=/bin/c++
COLLECT_LTO_WRAPPER=/usr/libexec/gcc/x86_64-redhat-linux/4.8.5/lto-wrapper
Target: x86_64-redhat-linux
Configured with: ../configure --prefix=/usr --mandir=/usr/share/man --infodir=/usr/share/info --with-bugurl=http://bugzilla.redhat.com/bugzilla --enable-bootstrap --enable-shared --enable-threads=posix --enable-checking=release --with-system-zlib --enable-__cxa_atexit --disable-libunwind-exceptions --enable-gnu-unique-object --enable-linker-build-id --with-linker-hash-style=gnu --enable-languages=c,c++,objc,obj-c++,java,fortran,ada,go,lto --enable-plugin --enable-initfini-array --disable-libgcj --with-isl=/builddir/build/BUILD/gcc-4.8.5-20150702/obj-x86_64-redhat-linux/isl-install --with-cloog=/builddir/build/BUILD/gcc-4.8.5-20150702/obj-x86_64-redhat-linux/cloog-install --enable-gnu-indirect-function --with-tune=generic --with-arch_32=x86-64 --build=x86_64-redhat-linux
Thread model: posix
gcc version 4.8.5 20150623 (Red Hat 4.8.5-11) (GCC) 
COMPILER_PATH=/usr/libexec/gcc/x86_64-redhat-linux/4.8.5/:/usr/libexec/gcc/x86_64-redhat-linux/4.8.5/:/usr/libexec/gcc/x86_64-redhat-linux/:/usr/lib/gcc/x86_64-redhat-linux/4.8.5/:/usr/lib/gcc/x86_64-redhat-linux/
LIBRARY_PATH=/usr/lib/gcc/x86_64-redhat-linux/4.8.5/:/usr/lib/gcc/x86_64-redhat-linux/4.8.5/../../../../lib64/:/lib/../lib64/:/usr/lib/../lib64/:/usr/lib/gcc/x86_64-redhat-linux/4.8.5/../../../:/lib/:/usr/lib/
COLLECT_GCC_OPTIONS='-v' '-o' 'cmTryCompileExec2099700815' '-rdynamic' '-shared-libgcc' '-mtune=generic' '-march=x86-64'
 /usr/libexec/gcc/x86_64-redhat-linux/4.8.5/collect2 --build-id --no-add-needed --eh-frame-hdr --hash-style=gnu -m elf_x86_64 -export-dynamic -dynamic-linker /lib64/ld-linux-x86-64.so.2 -o cmTryCompileExec2099700815 /usr/lib/gcc/x86_64-redhat-linux/4.8.5/../../../../lib64/crt1.o /usr/lib/gcc/x86_64-redhat-linux/4.8.5/../../../../lib64/crti.o /usr/lib/gcc/x86_64-redhat-linux/4.8.5/crtbegin.o -L/usr/lib/gcc/x86_64-redhat-linux/4.8.5 -L/usr/lib/gcc/x86_64-redhat-linux/4.8.5/../../../../lib64 -L/lib/../lib64 -L/usr/lib/../lib64 -L/usr/lib/gcc/x86_64-redhat-linux/4.8.5/../../.. CMakeFiles/cmTryCompileExec2099700815.dir/CMakeCXXCompilerABI.cpp.o -lstdc++ -lm -lgcc_s -lgcc -lc -lgcc_s -lgcc /usr/lib/gcc/x86_64-redhat-linux/4.8.5/crtend.o /usr/lib/gcc/x86_64-redhat-linux/4.8.5/../../../../lib64/crtn.o
gmake[1]: Leaving directory `/home/nitin/CMSC733/dlib-19.2/tools/python/build/CMakeFiles/CMakeTmp'


Parsed CXX implicit link information from above output:
  link line regex: [^( *|.*[/\])(ld|([^/\]+-)?ld|collect2)[^/\]*( |$)]
  ignore line: [Change Dir: /home/nitin/CMSC733/dlib-19.2/tools/python/build/CMakeFiles/CMakeTmp]
  ignore line: []
  ignore line: [Run Build Command:/bin/gmake "cmTryCompileExec2099700815/fast"]
  ignore line: [/bin/gmake -f CMakeFiles/cmTryCompileExec2099700815.dir/build.make CMakeFiles/cmTryCompileExec2099700815.dir/build]
  ignore line: [gmake[1]: Entering directory `/home/nitin/CMSC733/dlib-19.2/tools/python/build/CMakeFiles/CMakeTmp']
  ignore line: [/usr/bin/cmake -E cmake_progress_report /home/nitin/CMSC733/dlib-19.2/tools/python/build/CMakeFiles/CMakeTmp/CMakeFiles 1]
  ignore line: [Building CXX object CMakeFiles/cmTryCompileExec2099700815.dir/CMakeCXXCompilerABI.cpp.o]
  ignore line: [/bin/c++     -o CMakeFiles/cmTryCompileExec2099700815.dir/CMakeCXXCompilerABI.cpp.o -c /usr/share/cmake/Modules/CMakeCXXCompilerABI.cpp]
  ignore line: [Linking CXX executable cmTryCompileExec2099700815]
  ignore line: [/usr/bin/cmake -E cmake_link_script CMakeFiles/cmTryCompileExec2099700815.dir/link.txt --verbose=1]
  ignore line: [/bin/c++      -v CMakeFiles/cmTryCompileExec2099700815.dir/CMakeCXXCompilerABI.cpp.o  -o cmTryCompileExec2099700815 -rdynamic  ]
  ignore line: [Using built-in specs.]
  ignore line: [COLLECT_GCC=/bin/c++]
  ignore line: [COLLECT_LTO_WRAPPER=/usr/libexec/gcc/x86_64-redhat-linux/4.8.5/lto-wrapper]
  ignore line: [Target: x86_64-redhat-linux]
  ignore line: [Configured with: ../configure --prefix=/usr --mandir=/usr/share/man --infodir=/usr/share/info --with-bugurl=http://bugzilla.redhat.com/bugzilla --enable-bootstrap --enable-shared --enable-threads=posix --enable-checking=release --with-system-zlib --enable-__cxa_atexit --disable-libunwind-exceptions --enable-gnu-unique-object --enable-linker-build-id --with-linker-hash-style=gnu --enable-languages=c,c++,objc,obj-c++,java,fortran,ada,go,lto --enable-plugin --enable-initfini-array --disable-libgcj --with-isl=/builddir/build/BUILD/gcc-4.8.5-20150702/obj-x86_64-redhat-linux/isl-install --with-cloog=/builddir/build/BUILD/gcc-4.8.5-20150702/obj-x86_64-redhat-linux/cloog-install --enable-gnu-indirect-function --with-tune=generic --with-arch_32=x86-64 --build=x86_64-redhat-linux]
  ignore line: [Thread model: posix]
  ignore line: [gcc version 4.8.5 20150623 (Red Hat 4.8.5-11) (GCC) ]
  ignore line: [COMPILER_PATH=/usr/libexec/gcc/x86_64-redhat-linux/4.8.5/:/usr/libexec/gcc/x86_64-redhat-linux/4.8.5/:/usr/libexec/gcc/x86_64-redhat-linux/:/usr/lib/gcc/x86_64-redhat-linux/4.8.5/:/usr/lib/gcc/x86_64-redhat-linux/]
  ignore line: [LIBRARY_PATH=/usr/lib/gcc/x86_64-redhat-linux/4.8.5/:/usr/lib/gcc/x86_64-redhat-linux/4.8.5/../../../../lib64/:/lib/../lib64/:/usr/lib/../lib64/:/usr/lib/gcc/x86_64-redhat-linux/4.8.5/../../../:/lib/:/usr/lib/]
  ignore line: [COLLECT_GCC_OPTIONS='-v' '-o' 'cmTryCompileExec2099700815' '-rdynamic' '-shared-libgcc' '-mtune=generic' '-march=x86-64']
  link line: [ /usr/libexec/gcc/x86_64-redhat-linux/4.8.5/collect2 --build-id --no-add-needed --eh-frame-hdr --hash-style=gnu -m elf_x86_64 -export-dynamic -dynamic-linker /lib64/ld-linux-x86-64.so.2 -o cmTryCompileExec2099700815 /usr/lib/gcc/x86_64-redhat-linux/4.8.5/../../../../lib64/crt1.o /usr/lib/gcc/x86_64-redhat-linux/4.8.5/../../../../lib64/crti.o /usr/lib/gcc/x86_64-redhat-linux/4.8.5/crtbegin.o -L/usr/lib/gcc/x86_64-redhat-linux/4.8.5 -L/usr/lib/gcc/x86_64-redhat-linux/4.8.5/../../../../lib64 -L/lib/../lib64 -L/usr/lib/../lib64 -L/usr/lib/gcc/x86_64-redhat-linux/4.8.5/../../.. CMakeFiles/cmTryCompileExec2099700815.dir/CMakeCXXCompilerABI.cpp.o -lstdc++ -lm -lgcc_s -lgcc -lc -lgcc_s -lgcc /usr/lib/gcc/x86_64-redhat-linux/4.8.5/crtend.o /usr/lib/gcc/x86_64-redhat-linux/4.8.5/../../../../lib64/crtn.o]
    arg [/usr/libexec/gcc/x86_64-redhat-linux/4.8.5/collect2] ==> ignore
    arg [--build-id] ==> ignore
    arg [--no-add-needed] ==> ignore
    arg [--eh-frame-hdr] ==> ignore
    arg [--hash-style=gnu] ==> ignore
    arg [-m] ==> ignore
    arg [elf_x86_64] ==> ignore
    arg [-export-dynamic] ==> ignore
    arg [-dynamic-linker] ==> ignore
    arg [/lib64/ld-linux-x86-64.so.2] ==> ignore
    arg [-o] ==> ignore
    arg [cmTryCompileExec2099700815] ==> ignore
    arg [/usr/lib/gcc/x86_64-redhat-linux/4.8.5/../../../../lib64/crt1.o] ==> ignore
    arg [/usr/lib/gcc/x86_64-redhat-linux/4.8.5/../../../../lib64/crti.o] ==> ignore
    arg [/usr/lib/gcc/x86_64-redhat-linux/4.8.5/crtbegin.o] ==> ignore
    arg [-L/usr/lib/gcc/x86_64-redhat-linux/4.8.5] ==> dir [/usr/lib/gcc/x86_64-redhat-linux/4.8.5]
    arg [-L/usr/lib/gcc/x86_64-redhat-linux/4.8.5/../../../../lib64] ==> dir [/usr/lib/gcc/x86_64-redhat-linux/4.8.5/../../../../lib64]
    arg [-L/lib/../lib64] ==> dir [/lib/../lib64]
    arg [-L/usr/lib/../lib64] ==> dir [/usr/lib/../lib64]
    arg [-L/usr/lib/gcc/x86_64-redhat-linux/4.8.5/../../..] ==> dir [/usr/lib/gcc/x86_64-redhat-linux/4.8.5/../../..]
    arg [CMakeFiles/cmTryCompileExec2099700815.dir/CMakeCXXCompilerABI.cpp.o] ==> ignore
    arg [-lstdc++] ==> lib [stdc++]
    arg [-lm] ==> lib [m]
    arg [-lgcc_s] ==> lib [gcc_s]
    arg [-lgcc] ==> lib [gcc]
    arg [-lc] ==> lib [c]
    arg [-lgcc_s] ==> lib [gcc_s]
    arg [-lgcc] ==> lib [gcc]
    arg [/usr/lib/gcc/x86_64-redhat-linux/4.8.5/crtend.o] ==> ignore
    arg [/usr/lib/gcc/x86_64-redhat-linux/4.8.5/../../../../lib64/crtn.o] ==> ignore
  remove lib [gcc_s]
  remove lib [gcc]
  remove lib [gcc_s]
  remove lib [gcc]
  collapse library dir [/usr/lib/gcc/x86_64-redhat-linux/4.8.5] ==> [/usr/lib/gcc/x86_64-redhat-linux/4.8.5]
  collapse library dir [/usr/lib/gcc/x86_64-redhat-linux/4.8.5/../../../../lib64] ==> [/usr/lib64]
  collapse library dir [/lib/../lib64] ==> [/lib64]
  collapse library dir [/usr/lib/../lib64] ==> [/usr/lib64]
  collapse library dir [/usr/lib/gcc/x86_64-redhat-linux/4.8.5/../../..] ==> [/usr/lib]
  implicit libs: [stdc++;m;c]
  implicit dirs: [/usr/lib/gcc/x86_64-redhat-linux/4.8.5;/usr/lib64;/lib64;/usr/lib]
  implicit fwks: []


Determining if files pthread.h exist passed with the following output:
Change Dir: /home/nitin/CMSC733/dlib-19.2/tools/python/build/CMakeFiles/CMakeTmp

Run Build Command:/bin/gmake "cmTryCompileExec4096759689/fast"
/bin/gmake -f CMakeFiles/cmTryCompileExec4096759689.dir/build.make CMakeFiles/cmTryCompileExec4096759689.dir/build
gmake[1]: Entering directory `/home/nitin/CMSC733/dlib-19.2/tools/python/build/CMakeFiles/CMakeTmp'
/usr/bin/cmake -E cmake_progress_report /home/nitin/CMSC733/dlib-19.2/tools/python/build/CMakeFiles/CMakeTmp/CMakeFiles 1
Building C object CMakeFiles/cmTryCompileExec4096759689.dir/CheckIncludeFiles.c.o
/bin/cc    -o CMakeFiles/cmTryCompileExec4096759689.dir/CheckIncludeFiles.c.o   -c /home/nitin/CMSC733/dlib-19.2/tools/python/build/CMakeFiles/CMakeTmp/CheckIncludeFiles.c
Linking C executable cmTryCompileExec4096759689
/usr/bin/cmake -E cmake_link_script CMakeFiles/cmTryCompileExec4096759689.dir/link.txt --verbose=1
/bin/cc       CMakeFiles/cmTryCompileExec4096759689.dir/CheckIncludeFiles.c.o  -o cmTryCompileExec4096759689 -rdynamic 
gmake[1]: Leaving directory `/home/nitin/CMSC733/dlib-19.2/tools/python/build/CMakeFiles/CMakeTmp'


Determining if the function pthread_create exists in the pthread passed with the following output:
Change Dir: /home/nitin/CMSC733/dlib-19.2/tools/python/build/CMakeFiles/CMakeTmp

Run Build Command:/bin/gmake "cmTryCompileExec3713078565/fast"
/bin/gmake -f CMakeFiles/cmTryCompileExec3713078565.dir/build.make CMakeFiles/cmTryCompileExec3713078565.dir/build
gmake[1]: Entering directory `/home/nitin/CMSC733/dlib-19.2/tools/python/build/CMakeFiles/CMakeTmp'
/usr/bin/cmake -E cmake_progress_report /home/nitin/CMSC733/dlib-19.2/tools/python/build/CMakeFiles/CMakeTmp/CMakeFiles 1
Building C object CMakeFiles/cmTryCompileExec3713078565.dir/CheckFunctionExists.c.o
/bin/cc   -DCHECK_FUNCTION_EXISTS=pthread_create   -o CMakeFiles/cmTryCompileExec3713078565.dir/CheckFunctionExists.c.o   -c /usr/share/cmake/Modules/CheckFunctionExists.c
Linking C executable cmTryCompileExec3713078565
/usr/bin/cmake -E cmake_link_script CMakeFiles/cmTryCompileExec3713078565.dir/link.txt --verbose=1
/bin/cc   -DCHECK_FUNCTION_EXISTS=pthread_create    CMakeFiles/cmTryCompileExec3713078565.dir/CheckFunctionExists.c.o  -o cmTryCompileExec3713078565 -rdynamic -lpthread 
gmake[1]: Leaving directory `/home/nitin/CMSC733/dlib-19.2/tools/python/build/CMakeFiles/CMakeTmp'


Determining if the function XOpenDisplay exists in the /usr/lib64/libX11.so;/usr/lib64/libXext.so passed with the following output:
Change Dir: /home/nitin/CMSC733/dlib-19.2/tools/python/build/CMakeFiles/CMakeTmp

Run Build Command:/bin/gmake "cmTryCompileExec3235170821/fast"
/bin/gmake -f CMakeFiles/cmTryCompileExec3235170821.dir/build.make CMakeFiles/cmTryCompileExec3235170821.dir/build
gmake[1]: Entering directory `/home/nitin/CMSC733/dlib-19.2/tools/python/build/CMakeFiles/CMakeTmp'
/usr/bin/cmake -E cmake_progress_report /home/nitin/CMSC733/dlib-19.2/tools/python/build/CMakeFiles/CMakeTmp/CMakeFiles 1
Building C object CMakeFiles/cmTryCompileExec3235170821.dir/CheckFunctionExists.c.o
/bin/cc   -DCHECK_FUNCTION_EXISTS=XOpenDisplay   -o CMakeFiles/cmTryCompileExec3235170821.dir/CheckFunctionExists.c.o   -c /usr/share/cmake/Modules/CheckFunctionExists.c
Linking C executable cmTryCompileExec3235170821
/usr/bin/cmake -E cmake_link_script CMakeFiles/cmTryCompileExec3235170821.dir/link.txt --verbose=1
/bin/cc   -DCHECK_FUNCTION_EXISTS=XOpenDisplay    CMakeFiles/cmTryCompileExec3235170821.dir/CheckFunctionExists.c.o  -o cmTryCompileExec3235170821 -rdynamic -lX11 -lXext 
gmake[1]: Leaving directory `/home/nitin/CMSC733/dlib-19.2/tools/python/build/CMakeFiles/CMakeTmp'


Determining if the function gethostbyname exists passed with the following output:
Change Dir: /home/nitin/CMSC733/dlib-19.2/tools/python/build/CMakeFiles/CMakeTmp

Run Build Command:/bin/gmake "cmTryCompileExec3862164591/fast"
/bin/gmake -f CMakeFiles/cmTryCompileExec3862164591.dir/build.make CMakeFiles/cmTryCompileExec3862164591.dir/build
gmake[1]: Entering directory `/home/nitin/CMSC733/dlib-19.2/tools/python/build/CMakeFiles/CMakeTmp'
/usr/bin/cmake -E cmake_progress_report /home/nitin/CMSC733/dlib-19.2/tools/python/build/CMakeFiles/CMakeTmp/CMakeFiles 1
Building C object CMakeFiles/cmTryCompileExec3862164591.dir/CheckFunctionExists.c.o
/bin/cc   -DCHECK_FUNCTION_EXISTS=gethostbyname   -o CMakeFiles/cmTryCompileExec3862164591.dir/CheckFunctionExists.c.o   -c /usr/share/cmake/Modules/CheckFunctionExists.c
Linking C executable cmTryCompileExec3862164591
/usr/bin/cmake -E cmake_link_script CMakeFiles/cmTryCompileExec3862164591.dir/link.txt --verbose=1
/bin/cc   -DCHECK_FUNCTION_EXISTS=gethostbyname    CMakeFiles/cmTryCompileExec3862164591.dir/CheckFunctionExists.c.o  -o cmTryCompileExec3862164591 -rdynamic 
gmake[1]: Leaving directory `/home/nitin/CMSC733/dlib-19.2/tools/python/build/CMakeFiles/CMakeTmp'


Determining if the function connect exists passed with the following output:
Change Dir: /home/nitin/CMSC733/dlib-19.2/tools/python/build/CMakeFiles/CMakeTmp

Run Build Command:/bin/gmake "cmTryCompileExec1855621926/fast"
/bin/gmake -f CMakeFiles/cmTryCompileExec1855621926.dir/build.make CMakeFiles/cmTryCompileExec1855621926.dir/build
gmake[1]: Entering directory `/home/nitin/CMSC733/dlib-19.2/tools/python/build/CMakeFiles/CMakeTmp'
/usr/bin/cmake -E cmake_progress_report /home/nitin/CMSC733/dlib-19.2/tools/python/build/CMakeFiles/CMakeTmp/CMakeFiles 1
Building C object CMakeFiles/cmTryCompileExec1855621926.dir/CheckFunctionExists.c.o
/bin/cc   -DCHECK_FUNCTION_EXISTS=connect   -o CMakeFiles/cmTryCompileExec1855621926.dir/CheckFunctionExists.c.o   -c /usr/share/cmake/Modules/CheckFunctionExists.c
Linking C executable cmTryCompileExec1855621926
/usr/bin/cmake -E cmake_link_script CMakeFiles/cmTryCompileExec1855621926.dir/link.txt --verbose=1
/bin/cc   -DCHECK_FUNCTION_EXISTS=connect    CMakeFiles/cmTryCompileExec1855621926.dir/CheckFunctionExists.c.o  -o cmTryCompileExec1855621926 -rdynamic 
gmake[1]: Leaving directory `/home/nitin/CMSC733/dlib-19.2/tools/python/build/CMakeFiles/CMakeTmp'


Determining if the function remove exists passed with the following output:
Change Dir: /home/nitin/CMSC733/dlib-19.2/tools/python/build/CMakeFiles/CMakeTmp

Run Build Command:/bin/gmake "cmTryCompileExec3078359750/fast"
/bin/gmake -f CMakeFiles/cmTryCompileExec3078359750.dir/build.make CMakeFiles/cmTryCompileExec3078359750.dir/build
gmake[1]: Entering directory `/home/nitin/CMSC733/dlib-19.2/tools/python/build/CMakeFiles/CMakeTmp'
/usr/bin/cmake -E cmake_progress_report /home/nitin/CMSC733/dlib-19.2/tools/python/build/CMakeFiles/CMakeTmp/CMakeFiles 1
Building C object CMakeFiles/cmTryCompileExec3078359750.dir/CheckFunctionExists.c.o
/bin/cc   -DCHECK_FUNCTION_EXISTS=remove   -o CMakeFiles/cmTryCompileExec3078359750.dir/CheckFunctionExists.c.o   -c /usr/share/cmake/Modules/CheckFunctionExists.c
Linking C executable cmTryCompileExec3078359750
/usr/bin/cmake -E cmake_link_script CMakeFiles/cmTryCompileExec3078359750.dir/link.txt --verbose=1
/bin/cc   -DCHECK_FUNCTION_EXISTS=remove    CMakeFiles/cmTryCompileExec3078359750.dir/CheckFunctionExists.c.o  -o cmTryCompileExec3078359750 -rdynamic 
gmake[1]: Leaving directory `/home/nitin/CMSC733/dlib-19.2/tools/python/build/CMakeFiles/CMakeTmp'


Determining if the function shmat exists passed with the following output:
Change Dir: /home/nitin/CMSC733/dlib-19.2/tools/python/build/CMakeFiles/CMakeTmp

Run Build Command:/bin/gmake "cmTryCompileExec2976817741/fast"
/bin/gmake -f CMakeFiles/cmTryCompileExec2976817741.dir/build.make CMakeFiles/cmTryCompileExec2976817741.dir/build
gmake[1]: Entering directory `/home/nitin/CMSC733/dlib-19.2/tools/python/build/CMakeFiles/CMakeTmp'
/usr/bin/cmake -E cmake_progress_report /home/nitin/CMSC733/dlib-19.2/tools/python/build/CMakeFiles/CMakeTmp/CMakeFiles 1
Building C object CMakeFiles/cmTryCompileExec2976817741.dir/CheckFunctionExists.c.o
/bin/cc   -DCHECK_FUNCTION_EXISTS=shmat   -o CMakeFiles/cmTryCompileExec2976817741.dir/CheckFunctionExists.c.o   -c /usr/share/cmake/Modules/CheckFunctionExists.c
Linking C executable cmTryCompileExec2976817741
/usr/bin/cmake -E cmake_link_script CMakeFiles/cmTryCompileExec2976817741.dir/link.txt --verbose=1
/bin/cc   -DCHECK_FUNCTION_EXISTS=shmat    CMakeFiles/cmTryCompileExec2976817741.dir/CheckFunctionExists.c.o  -o cmTryCompileExec2976817741 -rdynamic 
gmake[1]: Leaving directory `/home/nitin/CMSC733/dlib-19.2/tools/python/build/CMakeFiles/CMakeTmp'


Determining if the function IceConnectionNumber exists in the ICE passed with the following output:
Change Dir: /home/nitin/CMSC733/dlib-19.2/tools/python/build/CMakeFiles/CMakeTmp

Run Build Command:/bin/gmake "cmTryCompileExec1356037321/fast"
/bin/gmake -f CMakeFiles/cmTryCompileExec1356037321.dir/build.make CMakeFiles/cmTryCompileExec1356037321.dir/build
gmake[1]: Entering directory `/home/nitin/CMSC733/dlib-19.2/tools/python/build/CMakeFiles/CMakeTmp'
/usr/bin/cmake -E cmake_progress_report /home/nitin/CMSC733/dlib-19.2/tools/python/build/CMakeFiles/CMakeTmp/CMakeFiles 1
Building C object CMakeFiles/cmTryCompileExec1356037321.dir/CheckFunctionExists.c.o
/bin/cc   -DCHECK_FUNCTION_EXISTS=IceConnectionNumber   -o CMakeFiles/cmTryCompileExec1356037321.dir/CheckFunctionExists.c.o   -c /usr/share/cmake/Modules/CheckFunctionExists.c
Linking C executable cmTryCompileExec1356037321
/usr/bin/cmake -E cmake_link_script CMakeFiles/cmTryCompileExec1356037321.dir/link.txt --verbose=1
/bin/cc   -DCHECK_FUNCTION_EXISTS=IceConnectionNumber    CMakeFiles/cmTryCompileExec1356037321.dir/CheckFunctionExists.c.o  -o cmTryCompileExec1356037321 -rdynamic -lICE 
gmake[1]: Leaving directory `/home/nitin/CMSC733/dlib-19.2/tools/python/build/CMakeFiles/CMakeTmp'


Determining if the function png_create_read_struct exists passed with the following output:
Change Dir: /home/nitin/CMSC733/dlib-19.2/tools/python/build/CMakeFiles/CMakeTmp

Run Build Command:/bin/gmake "cmTryCompileExec88545220/fast"
/bin/gmake -f CMakeFiles/cmTryCompileExec88545220.dir/build.make CMakeFiles/cmTryCompileExec88545220.dir/build
gmake[1]: Entering directory `/home/nitin/CMSC733/dlib-19.2/tools/python/build/CMakeFiles/CMakeTmp'
/usr/bin/cmake -E cmake_progress_report /home/nitin/CMSC733/dlib-19.2/tools/python/build/CMakeFiles/CMakeTmp/CMakeFiles 1
Building C object CMakeFiles/cmTryCompileExec88545220.dir/CheckFunctionExists.c.o
/bin/cc   -DCHECK_FUNCTION_EXISTS=png_create_read_struct   -o CMakeFiles/cmTryCompileExec88545220.dir/CheckFunctionExists.c.o   -c /usr/share/cmake/Modules/CheckFunctionExists.c
Linking C executable cmTryCompileExec88545220
/usr/bin/cmake -E cmake_link_script CMakeFiles/cmTryCompileExec88545220.dir/link.txt --verbose=1
/bin/cc   -DCHECK_FUNCTION_EXISTS=png_create_read_struct    CMakeFiles/cmTryCompileExec88545220.dir/CheckFunctionExists.c.o  -o cmTryCompileExec88545220 -rdynamic -lpng 
gmake[1]: Leaving directory `/home/nitin/CMSC733/dlib-19.2/tools/python/build/CMakeFiles/CMakeTmp'


Determining if the function jpeg_read_header exists passed with the following output:
Change Dir: /home/nitin/CMSC733/dlib-19.2/tools/python/build/CMakeFiles/CMakeTmp

Run Build Command:/bin/gmake "cmTryCompileExec450189900/fast"
/bin/gmake -f CMakeFiles/cmTryCompileExec450189900.dir/build.make CMakeFiles/cmTryCompileExec450189900.dir/build
gmake[1]: Entering directory `/home/nitin/CMSC733/dlib-19.2/tools/python/build/CMakeFiles/CMakeTmp'
/usr/bin/cmake -E cmake_progress_report /home/nitin/CMSC733/dlib-19.2/tools/python/build/CMakeFiles/CMakeTmp/CMakeFiles 1
Building C object CMakeFiles/cmTryCompileExec450189900.dir/CheckFunctionExists.c.o
/bin/cc   -DCHECK_FUNCTION_EXISTS=jpeg_read_header   -o CMakeFiles/cmTryCompileExec450189900.dir/CheckFunctionExists.c.o   -c /usr/share/cmake/Modules/CheckFunctionExists.c
Linking C executable cmTryCompileExec450189900
/usr/bin/cmake -E cmake_link_script CMakeFiles/cmTryCompileExec450189900.dir/link.txt --verbose=1
/bin/cc   -DCHECK_FUNCTION_EXISTS=jpeg_read_header    CMakeFiles/cmTryCompileExec450189900.dir/CheckFunctionExists.c.o  -o cmTryCompileExec450189900 -rdynamic -ljpeg 
gmake[1]: Leaving directory `/home/nitin/CMSC733/dlib-19.2/tools/python/build/CMakeFiles/CMakeTmp'


Determining if the include file sys/types.h exists passed with the following output:
Change Dir: /home/nitin/CMSC733/dlib-19.2/tools/python/build/CMakeFiles/CMakeTmp

Run Build Command:/bin/gmake "cmTryCompileExec4165407947/fast"
/bin/gmake -f CMakeFiles/cmTryCompileExec4165407947.dir/build.make CMakeFiles/cmTryCompileExec4165407947.dir/build
gmake[1]: Entering directory `/home/nitin/CMSC733/dlib-19.2/tools/python/build/CMakeFiles/CMakeTmp'
/usr/bin/cmake -E cmake_progress_report /home/nitin/CMSC733/dlib-19.2/tools/python/build/CMakeFiles/CMakeTmp/CMakeFiles 1
Building C object CMakeFiles/cmTryCompileExec4165407947.dir/CheckIncludeFile.c.o
/bin/cc    -o CMakeFiles/cmTryCompileExec4165407947.dir/CheckIncludeFile.c.o   -c /home/nitin/CMSC733/dlib-19.2/tools/python/build/CMakeFiles/CMakeTmp/CheckIncludeFile.c
Linking C executable cmTryCompileExec4165407947
/usr/bin/cmake -E cmake_link_script CMakeFiles/cmTryCompileExec4165407947.dir/link.txt --verbose=1
/bin/cc       CMakeFiles/cmTryCompileExec4165407947.dir/CheckIncludeFile.c.o  -o cmTryCompileExec4165407947 -rdynamic 
gmake[1]: Leaving directory `/home/nitin/CMSC733/dlib-19.2/tools/python/build/CMakeFiles/CMakeTmp'


Determining if the include file stdint.h exists passed with the following output:
Change Dir: /home/nitin/CMSC733/dlib-19.2/tools/python/build/CMakeFiles/CMakeTmp

Run Build Command:/bin/gmake "cmTryCompileExec744838337/fast"
/bin/gmake -f CMakeFiles/cmTryCompileExec744838337.dir/build.make CMakeFiles/cmTryCompileExec744838337.dir/build
gmake[1]: Entering directory `/home/nitin/CMSC733/dlib-19.2/tools/python/build/CMakeFiles/CMakeTmp'
/usr/bin/cmake -E cmake_progress_report /home/nitin/CMSC733/dlib-19.2/tools/python/build/CMakeFiles/CMakeTmp/CMakeFiles 1
Building C object CMakeFiles/cmTryCompileExec744838337.dir/CheckIncludeFile.c.o
/bin/cc    -o CMakeFiles/cmTryCompileExec744838337.dir/CheckIncludeFile.c.o   -c /home/nitin/CMSC733/dlib-19.2/tools/python/build/CMakeFiles/CMakeTmp/CheckIncludeFile.c
Linking C executable cmTryCompileExec744838337
/usr/bin/cmake -E cmake_link_script CMakeFiles/cmTryCompileExec744838337.dir/link.txt --verbose=1
/bin/cc       CMakeFiles/cmTryCompileExec744838337.dir/CheckIncludeFile.c.o  -o cmTryCompileExec744838337 -rdynamic 
gmake[1]: Leaving directory `/home/nitin/CMSC733/dlib-19.2/tools/python/build/CMakeFiles/CMakeTmp'


Determining if the include file stddef.h exists passed with the following output:
Change Dir: /home/nitin/CMSC733/dlib-19.2/tools/python/build/CMakeFiles/CMakeTmp

Run Build Command:/bin/gmake "cmTryCompileExec1937236131/fast"
/bin/gmake -f CMakeFiles/cmTryCompileExec1937236131.dir/build.make CMakeFiles/cmTryCompileExec1937236131.dir/build
gmake[1]: Entering directory `/home/nitin/CMSC733/dlib-19.2/tools/python/build/CMakeFiles/CMakeTmp'
/usr/bin/cmake -E cmake_progress_report /home/nitin/CMSC733/dlib-19.2/tools/python/build/CMakeFiles/CMakeTmp/CMakeFiles 1
Building C object CMakeFiles/cmTryCompileExec1937236131.dir/CheckIncludeFile.c.o
/bin/cc    -o CMakeFiles/cmTryCompileExec1937236131.dir/CheckIncludeFile.c.o   -c /home/nitin/CMSC733/dlib-19.2/tools/python/build/CMakeFiles/CMakeTmp/CheckIncludeFile.c
Linking C executable cmTryCompileExec1937236131
/usr/bin/cmake -E cmake_link_script CMakeFiles/cmTryCompileExec1937236131.dir/link.txt --verbose=1
/bin/cc       CMakeFiles/cmTryCompileExec1937236131.dir/CheckIncludeFile.c.o  -o cmTryCompileExec1937236131 -rdynamic 
gmake[1]: Leaving directory `/home/nitin/CMSC733/dlib-19.2/tools/python/build/CMakeFiles/CMakeTmp'


Determining size of void* passed with the following output:
Change Dir: /home/nitin/CMSC733/dlib-19.2/tools/python/build/CMakeFiles/CMakeTmp

Run Build Command:/bin/gmake "cmTryCompileExec4281769689/fast"
/bin/gmake -f CMakeFiles/cmTryCompileExec4281769689.dir/build.make CMakeFiles/cmTryCompileExec4281769689.dir/build
gmake[1]: Entering directory `/home/nitin/CMSC733/dlib-19.2/tools/python/build/CMakeFiles/CMakeTmp'
/usr/bin/cmake -E cmake_progress_report /home/nitin/CMSC733/dlib-19.2/tools/python/build/CMakeFiles/CMakeTmp/CMakeFiles 1
Building C object CMakeFiles/cmTryCompileExec4281769689.dir/SIZE_OF_VOID_PTR.c.o
/bin/cc    -o CMakeFiles/cmTryCompileExec4281769689.dir/SIZE_OF_VOID_PTR.c.o   -c /home/nitin/CMSC733/dlib-19.2/tools/python/build/CMakeFiles/CheckTypeSize/SIZE_OF_VOID_PTR.c
Linking C executable cmTryCompileExec4281769689
/usr/bin/cmake -E cmake_link_script CMakeFiles/cmTryCompileExec4281769689.dir/link.txt --verbose=1
/bin/cc       CMakeFiles/cmTryCompileExec4281769689.dir/SIZE_OF_VOID_PTR.c.o  -o cmTryCompileExec4281769689 -rdynamic -ljpeg 
gmake[1]: Leaving directory `/home/nitin/CMSC733/dlib-19.2/tools/python/build/CMakeFiles/CMakeTmp'


