The system is: Linux - 3.10.0-514.2.2.el7.x86_64 - x86_64
Compiling the C compiler identification source file "CMakeCCompilerId.c" succeeded.
Compiler: /bin/cc 
Build flags: 
Id flags: 

The output was:
0


Compilation of the C compiler identification source "CMakeCCompilerId.c" produced "a.out"

The C compiler identification is GNU, found in "/home/nitin/CMSC733/dlib-19.2/build/CMakeFiles/2.8.12.2/CompilerIdC/a.out"

Compiling the CXX compiler identification source file "CMakeCXXCompilerId.cpp" succeeded.
Compiler: /bin/c++ 
Build flags: 
Id flags: 

The output was:
0


Compilation of the CXX compiler identification source "CMakeCXXCompilerId.cpp" produced "a.out"

The CXX compiler identification is GNU, found in "/home/nitin/CMSC733/dlib-19.2/build/CMakeFiles/2.8.12.2/CompilerIdCXX/a.out"

Determining if the C compiler works passed with the following output:
Change Dir: /home/nitin/CMSC733/dlib-19.2/build/CMakeFiles/CMakeTmp

Run Build Command:/bin/gmake "cmTryCompileExec633725273/fast"
/bin/gmake -f CMakeFiles/cmTryCompileExec633725273.dir/build.make CMakeFiles/cmTryCompileExec633725273.dir/build
gmake[1]: Entering directory `/home/nitin/CMSC733/dlib-19.2/build/CMakeFiles/CMakeTmp'
/usr/bin/cmake -E cmake_progress_report /home/nitin/CMSC733/dlib-19.2/build/CMakeFiles/CMakeTmp/CMakeFiles 1
Building C object CMakeFiles/cmTryCompileExec633725273.dir/testCCompiler.c.o
/bin/cc    -o CMakeFiles/cmTryCompileExec633725273.dir/testCCompiler.c.o   -c /home/nitin/CMSC733/dlib-19.2/build/CMakeFiles/CMakeTmp/testCCompiler.c
Linking C executable cmTryCompileExec633725273
/usr/bin/cmake -E cmake_link_script CMakeFiles/cmTryCompileExec633725273.dir/link.txt --verbose=1
/bin/cc       CMakeFiles/cmTryCompileExec633725273.dir/testCCompiler.c.o  -o cmTryCompileExec633725273 -rdynamic 
gmake[1]: Leaving directory `/home/nitin/CMSC733/dlib-19.2/build/CMakeFiles/CMakeTmp'


Detecting C compiler ABI info compiled with the following output:
Change Dir: /home/nitin/CMSC733/dlib-19.2/build/CMakeFiles/CMakeTmp

Run Build Command:/bin/gmake "cmTryCompileExec2034749132/fast"
/bin/gmake -f CMakeFiles/cmTryCompileExec2034749132.dir/build.make CMakeFiles/cmTryCompileExec2034749132.dir/build
gmake[1]: Entering directory `/home/nitin/CMSC733/dlib-19.2/build/CMakeFiles/CMakeTmp'
/usr/bin/cmake -E cmake_progress_report /home/nitin/CMSC733/dlib-19.2/build/CMakeFiles/CMakeTmp/CMakeFiles 1
Building C object CMakeFiles/cmTryCompileExec2034749132.dir/CMakeCCompilerABI.c.o
/bin/cc    -o CMakeFiles/cmTryCompileExec2034749132.dir/CMakeCCompilerABI.c.o   -c /usr/share/cmake/Modules/CMakeCCompilerABI.c
Linking C executable cmTryCompileExec2034749132
/usr/bin/cmake -E cmake_link_script CMakeFiles/cmTryCompileExec2034749132.dir/link.txt --verbose=1
/bin/cc     -v CMakeFiles/cmTryCompileExec2034749132.dir/CMakeCCompilerABI.c.o  -o cmTryCompileExec2034749132 -rdynamic  
Using built-in specs.
COLLECT_GCC=/bin/cc
COLLECT_LTO_WRAPPER=/usr/libexec/gcc/x86_64-redhat-linux/4.8.5/lto-wrapper
Target: x86_64-redhat-linux
Configured with: ../configure --prefix=/usr --mandir=/usr/share/man --infodir=/usr/share/info --with-bugurl=http://bugzilla.redhat.com/bugzilla --enable-bootstrap --enable-shared --enable-threads=posix --enable-checking=release --with-system-zlib --enable-__cxa_atexit --disable-libunwind-exceptions --enable-gnu-unique-object --enable-linker-build-id --with-linker-hash-style=gnu --enable-languages=c,c++,objc,obj-c++,java,fortran,ada,go,lto --enable-plugin --enable-initfini-array --disable-libgcj --with-isl=/builddir/build/BUILD/gcc-4.8.5-20150702/obj-x86_64-redhat-linux/isl-install --with-cloog=/builddir/build/BUILD/gcc-4.8.5-20150702/obj-x86_64-redhat-linux/cloog-install --enable-gnu-indirect-function --with-tune=generic --with-arch_32=x86-64 --build=x86_64-redhat-linux
Thread model: posix
gcc version 4.8.5 20150623 (Red Hat 4.8.5-11) (GCC) 
COMPILER_PATH=/usr/libexec/gcc/x86_64-redhat-linux/4.8.5/:/usr/libexec/gcc/x86_64-redhat-linux/4.8.5/:/usr/libexec/gcc/x86_64-redhat-linux/:/usr/lib/gcc/x86_64-redhat-linux/4.8.5/:/usr/lib/gcc/x86_64-redhat-linux/
LIBRARY_PATH=/usr/lib/gcc/x86_64-redhat-linux/4.8.5/:/usr/lib/gcc/x86_64-redhat-linux/4.8.5/../../../../lib64/:/lib/../lib64/:/usr/lib/../lib64/:/usr/lib/gcc/x86_64-redhat-linux/4.8.5/../../../:/lib/:/usr/lib/
COLLECT_GCC_OPTIONS='-v' '-o' 'cmTryCompileExec2034749132' '-rdynamic' '-mtune=generic' '-march=x86-64'
 /usr/libexec/gcc/x86_64-redhat-linux/4.8.5/collect2 --build-id --no-add-needed --eh-frame-hdr --hash-style=gnu -m elf_x86_64 -export-dynamic -dynamic-linker /lib64/ld-linux-x86-64.so.2 -o cmTryCompileExec2034749132 /usr/lib/gcc/x86_64-redhat-linux/4.8.5/../../../../lib64/crt1.o /usr/lib/gcc/x86_64-redhat-linux/4.8.5/../../../../lib64/crti.o /usr/lib/gcc/x86_64-redhat-linux/4.8.5/crtbegin.o -L/usr/lib/gcc/x86_64-redhat-linux/4.8.5 -L/usr/lib/gcc/x86_64-redhat-linux/4.8.5/../../../../lib64 -L/lib/../lib64 -L/usr/lib/../lib64 -L/usr/lib/gcc/x86_64-redhat-linux/4.8.5/../../.. CMakeFiles/cmTryCompileExec2034749132.dir/CMakeCCompilerABI.c.o -lgcc --as-needed -lgcc_s --no-as-needed -lc -lgcc --as-needed -lgcc_s --no-as-needed /usr/lib/gcc/x86_64-redhat-linux/4.8.5/crtend.o /usr/lib/gcc/x86_64-redhat-linux/4.8.5/../../../../lib64/crtn.o
gmake[1]: Leaving directory `/home/nitin/CMSC733/dlib-19.2/build/CMakeFiles/CMakeTmp'


Parsed C implicit link information from above output:
  link line regex: [^( *|.*[/\])(ld|([^/\]+-)?ld|collect2)[^/\]*( |$)]
  ignore line: [Change Dir: /home/nitin/CMSC733/dlib-19.2/build/CMakeFiles/CMakeTmp]
  ignore line: []
  ignore line: [Run Build Command:/bin/gmake "cmTryCompileExec2034749132/fast"]
  ignore line: [/bin/gmake -f CMakeFiles/cmTryCompileExec2034749132.dir/build.make CMakeFiles/cmTryCompileExec2034749132.dir/build]
  ignore line: [gmake[1]: Entering directory `/home/nitin/CMSC733/dlib-19.2/build/CMakeFiles/CMakeTmp']
  ignore line: [/usr/bin/cmake -E cmake_progress_report /home/nitin/CMSC733/dlib-19.2/build/CMakeFiles/CMakeTmp/CMakeFiles 1]
  ignore line: [Building C object CMakeFiles/cmTryCompileExec2034749132.dir/CMakeCCompilerABI.c.o]
  ignore line: [/bin/cc    -o CMakeFiles/cmTryCompileExec2034749132.dir/CMakeCCompilerABI.c.o   -c /usr/share/cmake/Modules/CMakeCCompilerABI.c]
  ignore line: [Linking C executable cmTryCompileExec2034749132]
  ignore line: [/usr/bin/cmake -E cmake_link_script CMakeFiles/cmTryCompileExec2034749132.dir/link.txt --verbose=1]
  ignore line: [/bin/cc     -v CMakeFiles/cmTryCompileExec2034749132.dir/CMakeCCompilerABI.c.o  -o cmTryCompileExec2034749132 -rdynamic  ]
  ignore line: [Using built-in specs.]
  ignore line: [COLLECT_GCC=/bin/cc]
  ignore line: [COLLECT_LTO_WRAPPER=/usr/libexec/gcc/x86_64-redhat-linux/4.8.5/lto-wrapper]
  ignore line: [Target: x86_64-redhat-linux]
  ignore line: [Configured with: ../configure --prefix=/usr --mandir=/usr/share/man --infodir=/usr/share/info --with-bugurl=http://bugzilla.redhat.com/bugzilla --enable-bootstrap --enable-shared --enable-threads=posix --enable-checking=release --with-system-zlib --enable-__cxa_atexit --disable-libunwind-exceptions --enable-gnu-unique-object --enable-linker-build-id --with-linker-hash-style=gnu --enable-languages=c,c++,objc,obj-c++,java,fortran,ada,go,lto --enable-plugin --enable-initfini-array --disable-libgcj --with-isl=/builddir/build/BUILD/gcc-4.8.5-20150702/obj-x86_64-redhat-linux/isl-install --with-cloog=/builddir/build/BUILD/gcc-4.8.5-20150702/obj-x86_64-redhat-linux/cloog-install --enable-gnu-indirect-function --with-tune=generic --with-arch_32=x86-64 --build=x86_64-redhat-linux]
  ignore line: [Thread model: posix]
  ignore line: [gcc version 4.8.5 20150623 (Red Hat 4.8.5-11) (GCC) ]
  ignore line: [COMPILER_PATH=/usr/libexec/gcc/x86_64-redhat-linux/4.8.5/:/usr/libexec/gcc/x86_64-redhat-linux/4.8.5/:/usr/libexec/gcc/x86_64-redhat-linux/:/usr/lib/gcc/x86_64-redhat-linux/4.8.5/:/usr/lib/gcc/x86_64-redhat-linux/]
  ignore line: [LIBRARY_PATH=/usr/lib/gcc/x86_64-redhat-linux/4.8.5/:/usr/lib/gcc/x86_64-redhat-linux/4.8.5/../../../../lib64/:/lib/../lib64/:/usr/lib/../lib64/:/usr/lib/gcc/x86_64-redhat-linux/4.8.5/../../../:/lib/:/usr/lib/]
  ignore line: [COLLECT_GCC_OPTIONS='-v' '-o' 'cmTryCompileExec2034749132' '-rdynamic' '-mtune=generic' '-march=x86-64']
  link line: [ /usr/libexec/gcc/x86_64-redhat-linux/4.8.5/collect2 --build-id --no-add-needed --eh-frame-hdr --hash-style=gnu -m elf_x86_64 -export-dynamic -dynamic-linker /lib64/ld-linux-x86-64.so.2 -o cmTryCompileExec2034749132 /usr/lib/gcc/x86_64-redhat-linux/4.8.5/../../../../lib64/crt1.o /usr/lib/gcc/x86_64-redhat-linux/4.8.5/../../../../lib64/crti.o /usr/lib/gcc/x86_64-redhat-linux/4.8.5/crtbegin.o -L/usr/lib/gcc/x86_64-redhat-linux/4.8.5 -L/usr/lib/gcc/x86_64-redhat-linux/4.8.5/../../../../lib64 -L/lib/../lib64 -L/usr/lib/../lib64 -L/usr/lib/gcc/x86_64-redhat-linux/4.8.5/../../.. CMakeFiles/cmTryCompileExec2034749132.dir/CMakeCCompilerABI.c.o -lgcc --as-needed -lgcc_s --no-as-needed -lc -lgcc --as-needed -lgcc_s --no-as-needed /usr/lib/gcc/x86_64-redhat-linux/4.8.5/crtend.o /usr/lib/gcc/x86_64-redhat-linux/4.8.5/../../../../lib64/crtn.o]
    arg [/usr/libexec/gcc/x86_64-redhat-linux/4.8.5/collect2] ==> ignore
    arg [--build-id] ==> ignore
    arg [--no-add-needed] ==> ignore
    arg [--eh-frame-hdr] ==> ignore
    arg [--hash-style=gnu] ==> ignore
    arg [-m] ==> ignore
    arg [elf_x86_64] ==> ignore
    arg [-export-dynamic] ==> ignore
    arg [-dynamic-linker] ==> ignore
    arg [/lib64/ld-linux-x86-64.so.2] ==> ignore
    arg [-o] ==> ignore
    arg [cmTryCompileExec2034749132] ==> ignore
    arg [/usr/lib/gcc/x86_64-redhat-linux/4.8.5/../../../../lib64/crt1.o] ==> ignore
    arg [/usr/lib/gcc/x86_64-redhat-linux/4.8.5/../../../../lib64/crti.o] ==> ignore
    arg [/usr/lib/gcc/x86_64-redhat-linux/4.8.5/crtbegin.o] ==> ignore
    arg [-L/usr/lib/gcc/x86_64-redhat-linux/4.8.5] ==> dir [/usr/lib/gcc/x86_64-redhat-linux/4.8.5]
    arg [-L/usr/lib/gcc/x86_64-redhat-linux/4.8.5/../../../../lib64] ==> dir [/usr/lib/gcc/x86_64-redhat-linux/4.8.5/../../../../lib64]
    arg [-L/lib/../lib64] ==> dir [/lib/../lib64]
    arg [-L/usr/lib/../lib64] ==> dir [/usr/lib/../lib64]
    arg [-L/usr/lib/gcc/x86_64-redhat-linux/4.8.5/../../..] ==> dir [/usr/lib/gcc/x86_64-redhat-linux/4.8.5/../../..]
    arg [CMakeFiles/cmTryCompileExec2034749132.dir/CMakeCCompilerABI.c.o] ==> ignore
    arg [-lgcc] ==> lib [gcc]
    arg [--as-needed] ==> ignore
    arg [-lgcc_s] ==> lib [gcc_s]
    arg [--no-as-needed] ==> ignore
    arg [-lc] ==> lib [c]
    arg [-lgcc] ==> lib [gcc]
    arg [--as-needed] ==> ignore
    arg [-lgcc_s] ==> lib [gcc_s]
    arg [--no-as-needed] ==> ignore
    arg [/usr/lib/gcc/x86_64-redhat-linux/4.8.5/crtend.o] ==> ignore
    arg [/usr/lib/gcc/x86_64-redhat-linux/4.8.5/../../../../lib64/crtn.o] ==> ignore
  remove lib [gcc]
  remove lib [gcc_s]
  remove lib [gcc]
  remove lib [gcc_s]
  collapse library dir [/usr/lib/gcc/x86_64-redhat-linux/4.8.5] ==> [/usr/lib/gcc/x86_64-redhat-linux/4.8.5]
  collapse library dir [/usr/lib/gcc/x86_64-redhat-linux/4.8.5/../../../../lib64] ==> [/usr/lib64]
  collapse library dir [/lib/../lib64] ==> [/lib64]
  collapse library dir [/usr/lib/../lib64] ==> [/usr/lib64]
  collapse library dir [/usr/lib/gcc/x86_64-redhat-linux/4.8.5/../../..] ==> [/usr/lib]
  implicit libs: [c]
  implicit dirs: [/usr/lib/gcc/x86_64-redhat-linux/4.8.5;/usr/lib64;/lib64;/usr/lib]
  implicit fwks: []


Determining if the CXX compiler works passed with the following output:
Change Dir: /home/nitin/CMSC733/dlib-19.2/build/CMakeFiles/CMakeTmp

Run Build Command:/bin/gmake "cmTryCompileExec1487081779/fast"
/bin/gmake -f CMakeFiles/cmTryCompileExec1487081779.dir/build.make CMakeFiles/cmTryCompileExec1487081779.dir/build
gmake[1]: Entering directory `/home/nitin/CMSC733/dlib-19.2/build/CMakeFiles/CMakeTmp'
/usr/bin/cmake -E cmake_progress_report /home/nitin/CMSC733/dlib-19.2/build/CMakeFiles/CMakeTmp/CMakeFiles 1
Building CXX object CMakeFiles/cmTryCompileExec1487081779.dir/testCXXCompiler.cxx.o
/bin/c++     -o CMakeFiles/cmTryCompileExec1487081779.dir/testCXXCompiler.cxx.o -c /home/nitin/CMSC733/dlib-19.2/build/CMakeFiles/CMakeTmp/testCXXCompiler.cxx
Linking CXX executable cmTryCompileExec1487081779
/usr/bin/cmake -E cmake_link_script CMakeFiles/cmTryCompileExec1487081779.dir/link.txt --verbose=1
/bin/c++        CMakeFiles/cmTryCompileExec1487081779.dir/testCXXCompiler.cxx.o  -o cmTryCompileExec1487081779 -rdynamic 
gmake[1]: Leaving directory `/home/nitin/CMSC733/dlib-19.2/build/CMakeFiles/CMakeTmp'


Detecting CXX compiler ABI info compiled with the following output:
Change Dir: /home/nitin/CMSC733/dlib-19.2/build/CMakeFiles/CMakeTmp

Run Build Command:/bin/gmake "cmTryCompileExec1734519732/fast"
/bin/gmake -f CMakeFiles/cmTryCompileExec1734519732.dir/build.make CMakeFiles/cmTryCompileExec1734519732.dir/build
gmake[1]: Entering directory `/home/nitin/CMSC733/dlib-19.2/build/CMakeFiles/CMakeTmp'
/usr/bin/cmake -E cmake_progress_report /home/nitin/CMSC733/dlib-19.2/build/CMakeFiles/CMakeTmp/CMakeFiles 1
Building CXX object CMakeFiles/cmTryCompileExec1734519732.dir/CMakeCXXCompilerABI.cpp.o
/bin/c++     -o CMakeFiles/cmTryCompileExec1734519732.dir/CMakeCXXCompilerABI.cpp.o -c /usr/share/cmake/Modules/CMakeCXXCompilerABI.cpp
Linking CXX executable cmTryCompileExec1734519732
/usr/bin/cmake -E cmake_link_script CMakeFiles/cmTryCompileExec1734519732.dir/link.txt --verbose=1
/bin/c++      -v CMakeFiles/cmTryCompileExec1734519732.dir/CMakeCXXCompilerABI.cpp.o  -o cmTryCompileExec1734519732 -rdynamic  
Using built-in specs.
COLLECT_GCC=/bin/c++
COLLECT_LTO_WRAPPER=/usr/libexec/gcc/x86_64-redhat-linux/4.8.5/lto-wrapper
Target: x86_64-redhat-linux
Configured with: ../configure --prefix=/usr --mandir=/usr/share/man --infodir=/usr/share/info --with-bugurl=http://bugzilla.redhat.com/bugzilla --enable-bootstrap --enable-shared --enable-threads=posix --enable-checking=release --with-system-zlib --enable-__cxa_atexit --disable-libunwind-exceptions --enable-gnu-unique-object --enable-linker-build-id --with-linker-hash-style=gnu --enable-languages=c,c++,objc,obj-c++,java,fortran,ada,go,lto --enable-plugin --enable-initfini-array --disable-libgcj --with-isl=/builddir/build/BUILD/gcc-4.8.5-20150702/obj-x86_64-redhat-linux/isl-install --with-cloog=/builddir/build/BUILD/gcc-4.8.5-20150702/obj-x86_64-redhat-linux/cloog-install --enable-gnu-indirect-function --with-tune=generic --with-arch_32=x86-64 --build=x86_64-redhat-linux
Thread model: posix
gcc version 4.8.5 20150623 (Red Hat 4.8.5-11) (GCC) 
COMPILER_PATH=/usr/libexec/gcc/x86_64-redhat-linux/4.8.5/:/usr/libexec/gcc/x86_64-redhat-linux/4.8.5/:/usr/libexec/gcc/x86_64-redhat-linux/:/usr/lib/gcc/x86_64-redhat-linux/4.8.5/:/usr/lib/gcc/x86_64-redhat-linux/
LIBRARY_PATH=/usr/lib/gcc/x86_64-redhat-linux/4.8.5/:/usr/lib/gcc/x86_64-redhat-linux/4.8.5/../../../../lib64/:/lib/../lib64/:/usr/lib/../lib64/:/usr/lib/gcc/x86_64-redhat-linux/4.8.5/../../../:/lib/:/usr/lib/
COLLECT_GCC_OPTIONS='-v' '-o' 'cmTryCompileExec1734519732' '-rdynamic' '-shared-libgcc' '-mtune=generic' '-march=x86-64'
 /usr/libexec/gcc/x86_64-redhat-linux/4.8.5/collect2 --build-id --no-add-needed --eh-frame-hdr --hash-style=gnu -m elf_x86_64 -export-dynamic -dynamic-linker /lib64/ld-linux-x86-64.so.2 -o cmTryCompileExec1734519732 /usr/lib/gcc/x86_64-redhat-linux/4.8.5/../../../../lib64/crt1.o /usr/lib/gcc/x86_64-redhat-linux/4.8.5/../../../../lib64/crti.o /usr/lib/gcc/x86_64-redhat-linux/4.8.5/crtbegin.o -L/usr/lib/gcc/x86_64-redhat-linux/4.8.5 -L/usr/lib/gcc/x86_64-redhat-linux/4.8.5/../../../../lib64 -L/lib/../lib64 -L/usr/lib/../lib64 -L/usr/lib/gcc/x86_64-redhat-linux/4.8.5/../../.. CMakeFiles/cmTryCompileExec1734519732.dir/CMakeCXXCompilerABI.cpp.o -lstdc++ -lm -lgcc_s -lgcc -lc -lgcc_s -lgcc /usr/lib/gcc/x86_64-redhat-linux/4.8.5/crtend.o /usr/lib/gcc/x86_64-redhat-linux/4.8.5/../../../../lib64/crtn.o
gmake[1]: Leaving directory `/home/nitin/CMSC733/dlib-19.2/build/CMakeFiles/CMakeTmp'


Parsed CXX implicit link information from above output:
  link line regex: [^( *|.*[/\])(ld|([^/\]+-)?ld|collect2)[^/\]*( |$)]
  ignore line: [Change Dir: /home/nitin/CMSC733/dlib-19.2/build/CMakeFiles/CMakeTmp]
  ignore line: []
  ignore line: [Run Build Command:/bin/gmake "cmTryCompileExec1734519732/fast"]
  ignore line: [/bin/gmake -f CMakeFiles/cmTryCompileExec1734519732.dir/build.make CMakeFiles/cmTryCompileExec1734519732.dir/build]
  ignore line: [gmake[1]: Entering directory `/home/nitin/CMSC733/dlib-19.2/build/CMakeFiles/CMakeTmp']
  ignore line: [/usr/bin/cmake -E cmake_progress_report /home/nitin/CMSC733/dlib-19.2/build/CMakeFiles/CMakeTmp/CMakeFiles 1]
  ignore line: [Building CXX object CMakeFiles/cmTryCompileExec1734519732.dir/CMakeCXXCompilerABI.cpp.o]
  ignore line: [/bin/c++     -o CMakeFiles/cmTryCompileExec1734519732.dir/CMakeCXXCompilerABI.cpp.o -c /usr/share/cmake/Modules/CMakeCXXCompilerABI.cpp]
  ignore line: [Linking CXX executable cmTryCompileExec1734519732]
  ignore line: [/usr/bin/cmake -E cmake_link_script CMakeFiles/cmTryCompileExec1734519732.dir/link.txt --verbose=1]
  ignore line: [/bin/c++      -v CMakeFiles/cmTryCompileExec1734519732.dir/CMakeCXXCompilerABI.cpp.o  -o cmTryCompileExec1734519732 -rdynamic  ]
  ignore line: [Using built-in specs.]
  ignore line: [COLLECT_GCC=/bin/c++]
  ignore line: [COLLECT_LTO_WRAPPER=/usr/libexec/gcc/x86_64-redhat-linux/4.8.5/lto-wrapper]
  ignore line: [Target: x86_64-redhat-linux]
  ignore line: [Configured with: ../configure --prefix=/usr --mandir=/usr/share/man --infodir=/usr/share/info --with-bugurl=http://bugzilla.redhat.com/bugzilla --enable-bootstrap --enable-shared --enable-threads=posix --enable-checking=release --with-system-zlib --enable-__cxa_atexit --disable-libunwind-exceptions --enable-gnu-unique-object --enable-linker-build-id --with-linker-hash-style=gnu --enable-languages=c,c++,objc,obj-c++,java,fortran,ada,go,lto --enable-plugin --enable-initfini-array --disable-libgcj --with-isl=/builddir/build/BUILD/gcc-4.8.5-20150702/obj-x86_64-redhat-linux/isl-install --with-cloog=/builddir/build/BUILD/gcc-4.8.5-20150702/obj-x86_64-redhat-linux/cloog-install --enable-gnu-indirect-function --with-tune=generic --with-arch_32=x86-64 --build=x86_64-redhat-linux]
  ignore line: [Thread model: posix]
  ignore line: [gcc version 4.8.5 20150623 (Red Hat 4.8.5-11) (GCC) ]
  ignore line: [COMPILER_PATH=/usr/libexec/gcc/x86_64-redhat-linux/4.8.5/:/usr/libexec/gcc/x86_64-redhat-linux/4.8.5/:/usr/libexec/gcc/x86_64-redhat-linux/:/usr/lib/gcc/x86_64-redhat-linux/4.8.5/:/usr/lib/gcc/x86_64-redhat-linux/]
  ignore line: [LIBRARY_PATH=/usr/lib/gcc/x86_64-redhat-linux/4.8.5/:/usr/lib/gcc/x86_64-redhat-linux/4.8.5/../../../../lib64/:/lib/../lib64/:/usr/lib/../lib64/:/usr/lib/gcc/x86_64-redhat-linux/4.8.5/../../../:/lib/:/usr/lib/]
  ignore line: [COLLECT_GCC_OPTIONS='-v' '-o' 'cmTryCompileExec1734519732' '-rdynamic' '-shared-libgcc' '-mtune=generic' '-march=x86-64']
  link line: [ /usr/libexec/gcc/x86_64-redhat-linux/4.8.5/collect2 --build-id --no-add-needed --eh-frame-hdr --hash-style=gnu -m elf_x86_64 -export-dynamic -dynamic-linker /lib64/ld-linux-x86-64.so.2 -o cmTryCompileExec1734519732 /usr/lib/gcc/x86_64-redhat-linux/4.8.5/../../../../lib64/crt1.o /usr/lib/gcc/x86_64-redhat-linux/4.8.5/../../../../lib64/crti.o /usr/lib/gcc/x86_64-redhat-linux/4.8.5/crtbegin.o -L/usr/lib/gcc/x86_64-redhat-linux/4.8.5 -L/usr/lib/gcc/x86_64-redhat-linux/4.8.5/../../../../lib64 -L/lib/../lib64 -L/usr/lib/../lib64 -L/usr/lib/gcc/x86_64-redhat-linux/4.8.5/../../.. CMakeFiles/cmTryCompileExec1734519732.dir/CMakeCXXCompilerABI.cpp.o -lstdc++ -lm -lgcc_s -lgcc -lc -lgcc_s -lgcc /usr/lib/gcc/x86_64-redhat-linux/4.8.5/crtend.o /usr/lib/gcc/x86_64-redhat-linux/4.8.5/../../../../lib64/crtn.o]
    arg [/usr/libexec/gcc/x86_64-redhat-linux/4.8.5/collect2] ==> ignore
    arg [--build-id] ==> ignore
    arg [--no-add-needed] ==> ignore
    arg [--eh-frame-hdr] ==> ignore
    arg [--hash-style=gnu] ==> ignore
    arg [-m] ==> ignore
    arg [elf_x86_64] ==> ignore
    arg [-export-dynamic] ==> ignore
    arg [-dynamic-linker] ==> ignore
    arg [/lib64/ld-linux-x86-64.so.2] ==> ignore
    arg [-o] ==> ignore
    arg [cmTryCompileExec1734519732] ==> ignore
    arg [/usr/lib/gcc/x86_64-redhat-linux/4.8.5/../../../../lib64/crt1.o] ==> ignore
    arg [/usr/lib/gcc/x86_64-redhat-linux/4.8.5/../../../../lib64/crti.o] ==> ignore
    arg [/usr/lib/gcc/x86_64-redhat-linux/4.8.5/crtbegin.o] ==> ignore
    arg [-L/usr/lib/gcc/x86_64-redhat-linux/4.8.5] ==> dir [/usr/lib/gcc/x86_64-redhat-linux/4.8.5]
    arg [-L/usr/lib/gcc/x86_64-redhat-linux/4.8.5/../../../../lib64] ==> dir [/usr/lib/gcc/x86_64-redhat-linux/4.8.5/../../../../lib64]
    arg [-L/lib/../lib64] ==> dir [/lib/../lib64]
    arg [-L/usr/lib/../lib64] ==> dir [/usr/lib/../lib64]
    arg [-L/usr/lib/gcc/x86_64-redhat-linux/4.8.5/../../..] ==> dir [/usr/lib/gcc/x86_64-redhat-linux/4.8.5/../../..]
    arg [CMakeFiles/cmTryCompileExec1734519732.dir/CMakeCXXCompilerABI.cpp.o] ==> ignore
    arg [-lstdc++] ==> lib [stdc++]
    arg [-lm] ==> lib [m]
    arg [-lgcc_s] ==> lib [gcc_s]
    arg [-lgcc] ==> lib [gcc]
    arg [-lc] ==> lib [c]
    arg [-lgcc_s] ==> lib [gcc_s]
    arg [-lgcc] ==> lib [gcc]
    arg [/usr/lib/gcc/x86_64-redhat-linux/4.8.5/crtend.o] ==> ignore
    arg [/usr/lib/gcc/x86_64-redhat-linux/4.8.5/../../../../lib64/crtn.o] ==> ignore
  remove lib [gcc_s]
  remove lib [gcc]
  remove lib [gcc_s]
  remove lib [gcc]
  collapse library dir [/usr/lib/gcc/x86_64-redhat-linux/4.8.5] ==> [/usr/lib/gcc/x86_64-redhat-linux/4.8.5]
  collapse library dir [/usr/lib/gcc/x86_64-redhat-linux/4.8.5/../../../../lib64] ==> [/usr/lib64]
  collapse library dir [/lib/../lib64] ==> [/lib64]
  collapse library dir [/usr/lib/../lib64] ==> [/usr/lib64]
  collapse library dir [/usr/lib/gcc/x86_64-redhat-linux/4.8.5/../../..] ==> [/usr/lib]
  implicit libs: [stdc++;m;c]
  implicit dirs: [/usr/lib/gcc/x86_64-redhat-linux/4.8.5;/usr/lib64;/lib64;/usr/lib]
  implicit fwks: []


Determining if files pthread.h exist passed with the following output:
Change Dir: /home/nitin/CMSC733/dlib-19.2/build/CMakeFiles/CMakeTmp

Run Build Command:/bin/gmake "cmTryCompileExec1077883844/fast"
/bin/gmake -f CMakeFiles/cmTryCompileExec1077883844.dir/build.make CMakeFiles/cmTryCompileExec1077883844.dir/build
gmake[1]: Entering directory `/home/nitin/CMSC733/dlib-19.2/build/CMakeFiles/CMakeTmp'
/usr/bin/cmake -E cmake_progress_report /home/nitin/CMSC733/dlib-19.2/build/CMakeFiles/CMakeTmp/CMakeFiles 1
Building C object CMakeFiles/cmTryCompileExec1077883844.dir/CheckIncludeFiles.c.o
/bin/cc    -o CMakeFiles/cmTryCompileExec1077883844.dir/CheckIncludeFiles.c.o   -c /home/nitin/CMSC733/dlib-19.2/build/CMakeFiles/CMakeTmp/CheckIncludeFiles.c
Linking C executable cmTryCompileExec1077883844
/usr/bin/cmake -E cmake_link_script CMakeFiles/cmTryCompileExec1077883844.dir/link.txt --verbose=1
/bin/cc       CMakeFiles/cmTryCompileExec1077883844.dir/CheckIncludeFiles.c.o  -o cmTryCompileExec1077883844 -rdynamic 
gmake[1]: Leaving directory `/home/nitin/CMSC733/dlib-19.2/build/CMakeFiles/CMakeTmp'


Determining if the function pthread_create exists in the pthread passed with the following output:
Change Dir: /home/nitin/CMSC733/dlib-19.2/build/CMakeFiles/CMakeTmp

Run Build Command:/bin/gmake "cmTryCompileExec2692319397/fast"
/bin/gmake -f CMakeFiles/cmTryCompileExec2692319397.dir/build.make CMakeFiles/cmTryCompileExec2692319397.dir/build
gmake[1]: Entering directory `/home/nitin/CMSC733/dlib-19.2/build/CMakeFiles/CMakeTmp'
/usr/bin/cmake -E cmake_progress_report /home/nitin/CMSC733/dlib-19.2/build/CMakeFiles/CMakeTmp/CMakeFiles 1
Building C object CMakeFiles/cmTryCompileExec2692319397.dir/CheckFunctionExists.c.o
/bin/cc   -DCHECK_FUNCTION_EXISTS=pthread_create   -o CMakeFiles/cmTryCompileExec2692319397.dir/CheckFunctionExists.c.o   -c /usr/share/cmake/Modules/CheckFunctionExists.c
Linking C executable cmTryCompileExec2692319397
/usr/bin/cmake -E cmake_link_script CMakeFiles/cmTryCompileExec2692319397.dir/link.txt --verbose=1
/bin/cc   -DCHECK_FUNCTION_EXISTS=pthread_create    CMakeFiles/cmTryCompileExec2692319397.dir/CheckFunctionExists.c.o  -o cmTryCompileExec2692319397 -rdynamic -lpthread 
gmake[1]: Leaving directory `/home/nitin/CMSC733/dlib-19.2/build/CMakeFiles/CMakeTmp'


Determining if the function XOpenDisplay exists in the /usr/lib64/libX11.so;/usr/lib64/libXext.so passed with the following output:
Change Dir: /home/nitin/CMSC733/dlib-19.2/build/CMakeFiles/CMakeTmp

Run Build Command:/bin/gmake "cmTryCompileExec4189087016/fast"
/bin/gmake -f CMakeFiles/cmTryCompileExec4189087016.dir/build.make CMakeFiles/cmTryCompileExec4189087016.dir/build
gmake[1]: Entering directory `/home/nitin/CMSC733/dlib-19.2/build/CMakeFiles/CMakeTmp'
/usr/bin/cmake -E cmake_progress_report /home/nitin/CMSC733/dlib-19.2/build/CMakeFiles/CMakeTmp/CMakeFiles 1
Building C object CMakeFiles/cmTryCompileExec4189087016.dir/CheckFunctionExists.c.o
/bin/cc   -DCHECK_FUNCTION_EXISTS=XOpenDisplay   -o CMakeFiles/cmTryCompileExec4189087016.dir/CheckFunctionExists.c.o   -c /usr/share/cmake/Modules/CheckFunctionExists.c
Linking C executable cmTryCompileExec4189087016
/usr/bin/cmake -E cmake_link_script CMakeFiles/cmTryCompileExec4189087016.dir/link.txt --verbose=1
/bin/cc   -DCHECK_FUNCTION_EXISTS=XOpenDisplay    CMakeFiles/cmTryCompileExec4189087016.dir/CheckFunctionExists.c.o  -o cmTryCompileExec4189087016 -rdynamic -lX11 -lXext 
gmake[1]: Leaving directory `/home/nitin/CMSC733/dlib-19.2/build/CMakeFiles/CMakeTmp'


Determining if the function gethostbyname exists passed with the following output:
Change Dir: /home/nitin/CMSC733/dlib-19.2/build/CMakeFiles/CMakeTmp

Run Build Command:/bin/gmake "cmTryCompileExec3076956003/fast"
/bin/gmake -f CMakeFiles/cmTryCompileExec3076956003.dir/build.make CMakeFiles/cmTryCompileExec3076956003.dir/build
gmake[1]: Entering directory `/home/nitin/CMSC733/dlib-19.2/build/CMakeFiles/CMakeTmp'
/usr/bin/cmake -E cmake_progress_report /home/nitin/CMSC733/dlib-19.2/build/CMakeFiles/CMakeTmp/CMakeFiles 1
Building C object CMakeFiles/cmTryCompileExec3076956003.dir/CheckFunctionExists.c.o
/bin/cc   -DCHECK_FUNCTION_EXISTS=gethostbyname   -o CMakeFiles/cmTryCompileExec3076956003.dir/CheckFunctionExists.c.o   -c /usr/share/cmake/Modules/CheckFunctionExists.c
Linking C executable cmTryCompileExec3076956003
/usr/bin/cmake -E cmake_link_script CMakeFiles/cmTryCompileExec3076956003.dir/link.txt --verbose=1
/bin/cc   -DCHECK_FUNCTION_EXISTS=gethostbyname    CMakeFiles/cmTryCompileExec3076956003.dir/CheckFunctionExists.c.o  -o cmTryCompileExec3076956003 -rdynamic 
gmake[1]: Leaving directory `/home/nitin/CMSC733/dlib-19.2/build/CMakeFiles/CMakeTmp'


Determining if the function connect exists passed with the following output:
Change Dir: /home/nitin/CMSC733/dlib-19.2/build/CMakeFiles/CMakeTmp

Run Build Command:/bin/gmake "cmTryCompileExec3859343093/fast"
/bin/gmake -f CMakeFiles/cmTryCompileExec3859343093.dir/build.make CMakeFiles/cmTryCompileExec3859343093.dir/build
gmake[1]: Entering directory `/home/nitin/CMSC733/dlib-19.2/build/CMakeFiles/CMakeTmp'
/usr/bin/cmake -E cmake_progress_report /home/nitin/CMSC733/dlib-19.2/build/CMakeFiles/CMakeTmp/CMakeFiles 1
Building C object CMakeFiles/cmTryCompileExec3859343093.dir/CheckFunctionExists.c.o
/bin/cc   -DCHECK_FUNCTION_EXISTS=connect   -o CMakeFiles/cmTryCompileExec3859343093.dir/CheckFunctionExists.c.o   -c /usr/share/cmake/Modules/CheckFunctionExists.c
Linking C executable cmTryCompileExec3859343093
/usr/bin/cmake -E cmake_link_script CMakeFiles/cmTryCompileExec3859343093.dir/link.txt --verbose=1
/bin/cc   -DCHECK_FUNCTION_EXISTS=connect    CMakeFiles/cmTryCompileExec3859343093.dir/CheckFunctionExists.c.o  -o cmTryCompileExec3859343093 -rdynamic 
gmake[1]: Leaving directory `/home/nitin/CMSC733/dlib-19.2/build/CMakeFiles/CMakeTmp'


Determining if the function remove exists passed with the following output:
Change Dir: /home/nitin/CMSC733/dlib-19.2/build/CMakeFiles/CMakeTmp

Run Build Command:/bin/gmake "cmTryCompileExec2628508489/fast"
/bin/gmake -f CMakeFiles/cmTryCompileExec2628508489.dir/build.make CMakeFiles/cmTryCompileExec2628508489.dir/build
gmake[1]: Entering directory `/home/nitin/CMSC733/dlib-19.2/build/CMakeFiles/CMakeTmp'
/usr/bin/cmake -E cmake_progress_report /home/nitin/CMSC733/dlib-19.2/build/CMakeFiles/CMakeTmp/CMakeFiles 1
Building C object CMakeFiles/cmTryCompileExec2628508489.dir/CheckFunctionExists.c.o
/bin/cc   -DCHECK_FUNCTION_EXISTS=remove   -o CMakeFiles/cmTryCompileExec2628508489.dir/CheckFunctionExists.c.o   -c /usr/share/cmake/Modules/CheckFunctionExists.c
Linking C executable cmTryCompileExec2628508489
/usr/bin/cmake -E cmake_link_script CMakeFiles/cmTryCompileExec2628508489.dir/link.txt --verbose=1
/bin/cc   -DCHECK_FUNCTION_EXISTS=remove    CMakeFiles/cmTryCompileExec2628508489.dir/CheckFunctionExists.c.o  -o cmTryCompileExec2628508489 -rdynamic 
gmake[1]: Leaving directory `/home/nitin/CMSC733/dlib-19.2/build/CMakeFiles/CMakeTmp'


Determining if the function shmat exists passed with the following output:
Change Dir: /home/nitin/CMSC733/dlib-19.2/build/CMakeFiles/CMakeTmp

Run Build Command:/bin/gmake "cmTryCompileExec162970283/fast"
/bin/gmake -f CMakeFiles/cmTryCompileExec162970283.dir/build.make CMakeFiles/cmTryCompileExec162970283.dir/build
gmake[1]: Entering directory `/home/nitin/CMSC733/dlib-19.2/build/CMakeFiles/CMakeTmp'
/usr/bin/cmake -E cmake_progress_report /home/nitin/CMSC733/dlib-19.2/build/CMakeFiles/CMakeTmp/CMakeFiles 1
Building C object CMakeFiles/cmTryCompileExec162970283.dir/CheckFunctionExists.c.o
/bin/cc   -DCHECK_FUNCTION_EXISTS=shmat   -o CMakeFiles/cmTryCompileExec162970283.dir/CheckFunctionExists.c.o   -c /usr/share/cmake/Modules/CheckFunctionExists.c
Linking C executable cmTryCompileExec162970283
/usr/bin/cmake -E cmake_link_script CMakeFiles/cmTryCompileExec162970283.dir/link.txt --verbose=1
/bin/cc   -DCHECK_FUNCTION_EXISTS=shmat    CMakeFiles/cmTryCompileExec162970283.dir/CheckFunctionExists.c.o  -o cmTryCompileExec162970283 -rdynamic 
gmake[1]: Leaving directory `/home/nitin/CMSC733/dlib-19.2/build/CMakeFiles/CMakeTmp'


Determining if the function IceConnectionNumber exists in the ICE passed with the following output:
Change Dir: /home/nitin/CMSC733/dlib-19.2/build/CMakeFiles/CMakeTmp

Run Build Command:/bin/gmake "cmTryCompileExec1268170607/fast"
/bin/gmake -f CMakeFiles/cmTryCompileExec1268170607.dir/build.make CMakeFiles/cmTryCompileExec1268170607.dir/build
gmake[1]: Entering directory `/home/nitin/CMSC733/dlib-19.2/build/CMakeFiles/CMakeTmp'
/usr/bin/cmake -E cmake_progress_report /home/nitin/CMSC733/dlib-19.2/build/CMakeFiles/CMakeTmp/CMakeFiles 1
Building C object CMakeFiles/cmTryCompileExec1268170607.dir/CheckFunctionExists.c.o
/bin/cc   -DCHECK_FUNCTION_EXISTS=IceConnectionNumber   -o CMakeFiles/cmTryCompileExec1268170607.dir/CheckFunctionExists.c.o   -c /usr/share/cmake/Modules/CheckFunctionExists.c
Linking C executable cmTryCompileExec1268170607
/usr/bin/cmake -E cmake_link_script CMakeFiles/cmTryCompileExec1268170607.dir/link.txt --verbose=1
/bin/cc   -DCHECK_FUNCTION_EXISTS=IceConnectionNumber    CMakeFiles/cmTryCompileExec1268170607.dir/CheckFunctionExists.c.o  -o cmTryCompileExec1268170607 -rdynamic -lICE 
gmake[1]: Leaving directory `/home/nitin/CMSC733/dlib-19.2/build/CMakeFiles/CMakeTmp'


Determining if the function png_create_read_struct exists passed with the following output:
Change Dir: /home/nitin/CMSC733/dlib-19.2/build/CMakeFiles/CMakeTmp

Run Build Command:/bin/gmake "cmTryCompileExec3357242068/fast"
/bin/gmake -f CMakeFiles/cmTryCompileExec3357242068.dir/build.make CMakeFiles/cmTryCompileExec3357242068.dir/build
gmake[1]: Entering directory `/home/nitin/CMSC733/dlib-19.2/build/CMakeFiles/CMakeTmp'
/usr/bin/cmake -E cmake_progress_report /home/nitin/CMSC733/dlib-19.2/build/CMakeFiles/CMakeTmp/CMakeFiles 1
Building C object CMakeFiles/cmTryCompileExec3357242068.dir/CheckFunctionExists.c.o
/bin/cc   -DCHECK_FUNCTION_EXISTS=png_create_read_struct   -o CMakeFiles/cmTryCompileExec3357242068.dir/CheckFunctionExists.c.o   -c /usr/share/cmake/Modules/CheckFunctionExists.c
Linking C executable cmTryCompileExec3357242068
/usr/bin/cmake -E cmake_link_script CMakeFiles/cmTryCompileExec3357242068.dir/link.txt --verbose=1
/bin/cc   -DCHECK_FUNCTION_EXISTS=png_create_read_struct    CMakeFiles/cmTryCompileExec3357242068.dir/CheckFunctionExists.c.o  -o cmTryCompileExec3357242068 -rdynamic -lpng 
gmake[1]: Leaving directory `/home/nitin/CMSC733/dlib-19.2/build/CMakeFiles/CMakeTmp'


Determining if the function jpeg_read_header exists passed with the following output:
Change Dir: /home/nitin/CMSC733/dlib-19.2/build/CMakeFiles/CMakeTmp

Run Build Command:/bin/gmake "cmTryCompileExec2175498509/fast"
/bin/gmake -f CMakeFiles/cmTryCompileExec2175498509.dir/build.make CMakeFiles/cmTryCompileExec2175498509.dir/build
gmake[1]: Entering directory `/home/nitin/CMSC733/dlib-19.2/build/CMakeFiles/CMakeTmp'
/usr/bin/cmake -E cmake_progress_report /home/nitin/CMSC733/dlib-19.2/build/CMakeFiles/CMakeTmp/CMakeFiles 1
Building C object CMakeFiles/cmTryCompileExec2175498509.dir/CheckFunctionExists.c.o
/bin/cc   -DCHECK_FUNCTION_EXISTS=jpeg_read_header   -o CMakeFiles/cmTryCompileExec2175498509.dir/CheckFunctionExists.c.o   -c /usr/share/cmake/Modules/CheckFunctionExists.c
Linking C executable cmTryCompileExec2175498509
/usr/bin/cmake -E cmake_link_script CMakeFiles/cmTryCompileExec2175498509.dir/link.txt --verbose=1
/bin/cc   -DCHECK_FUNCTION_EXISTS=jpeg_read_header    CMakeFiles/cmTryCompileExec2175498509.dir/CheckFunctionExists.c.o  -o cmTryCompileExec2175498509 -rdynamic -ljpeg 
gmake[1]: Leaving directory `/home/nitin/CMSC733/dlib-19.2/build/CMakeFiles/CMakeTmp'


Determining if the include file sys/types.h exists passed with the following output:
Change Dir: /home/nitin/CMSC733/dlib-19.2/build/CMakeFiles/CMakeTmp

Run Build Command:/bin/gmake "cmTryCompileExec3800459866/fast"
/bin/gmake -f CMakeFiles/cmTryCompileExec3800459866.dir/build.make CMakeFiles/cmTryCompileExec3800459866.dir/build
gmake[1]: Entering directory `/home/nitin/CMSC733/dlib-19.2/build/CMakeFiles/CMakeTmp'
/usr/bin/cmake -E cmake_progress_report /home/nitin/CMSC733/dlib-19.2/build/CMakeFiles/CMakeTmp/CMakeFiles 1
Building C object CMakeFiles/cmTryCompileExec3800459866.dir/CheckIncludeFile.c.o
/bin/cc    -o CMakeFiles/cmTryCompileExec3800459866.dir/CheckIncludeFile.c.o   -c /home/nitin/CMSC733/dlib-19.2/build/CMakeFiles/CMakeTmp/CheckIncludeFile.c
Linking C executable cmTryCompileExec3800459866
/usr/bin/cmake -E cmake_link_script CMakeFiles/cmTryCompileExec3800459866.dir/link.txt --verbose=1
/bin/cc       CMakeFiles/cmTryCompileExec3800459866.dir/CheckIncludeFile.c.o  -o cmTryCompileExec3800459866 -rdynamic 
gmake[1]: Leaving directory `/home/nitin/CMSC733/dlib-19.2/build/CMakeFiles/CMakeTmp'


Determining if the include file stdint.h exists passed with the following output:
Change Dir: /home/nitin/CMSC733/dlib-19.2/build/CMakeFiles/CMakeTmp

Run Build Command:/bin/gmake "cmTryCompileExec1001087671/fast"
/bin/gmake -f CMakeFiles/cmTryCompileExec1001087671.dir/build.make CMakeFiles/cmTryCompileExec1001087671.dir/build
gmake[1]: Entering directory `/home/nitin/CMSC733/dlib-19.2/build/CMakeFiles/CMakeTmp'
/usr/bin/cmake -E cmake_progress_report /home/nitin/CMSC733/dlib-19.2/build/CMakeFiles/CMakeTmp/CMakeFiles 1
Building C object CMakeFiles/cmTryCompileExec1001087671.dir/CheckIncludeFile.c.o
/bin/cc    -o CMakeFiles/cmTryCompileExec1001087671.dir/CheckIncludeFile.c.o   -c /home/nitin/CMSC733/dlib-19.2/build/CMakeFiles/CMakeTmp/CheckIncludeFile.c
Linking C executable cmTryCompileExec1001087671
/usr/bin/cmake -E cmake_link_script CMakeFiles/cmTryCompileExec1001087671.dir/link.txt --verbose=1
/bin/cc       CMakeFiles/cmTryCompileExec1001087671.dir/CheckIncludeFile.c.o  -o cmTryCompileExec1001087671 -rdynamic 
gmake[1]: Leaving directory `/home/nitin/CMSC733/dlib-19.2/build/CMakeFiles/CMakeTmp'


Determining if the include file stddef.h exists passed with the following output:
Change Dir: /home/nitin/CMSC733/dlib-19.2/build/CMakeFiles/CMakeTmp

Run Build Command:/bin/gmake "cmTryCompileExec1959726334/fast"
/bin/gmake -f CMakeFiles/cmTryCompileExec1959726334.dir/build.make CMakeFiles/cmTryCompileExec1959726334.dir/build
gmake[1]: Entering directory `/home/nitin/CMSC733/dlib-19.2/build/CMakeFiles/CMakeTmp'
/usr/bin/cmake -E cmake_progress_report /home/nitin/CMSC733/dlib-19.2/build/CMakeFiles/CMakeTmp/CMakeFiles 1
Building C object CMakeFiles/cmTryCompileExec1959726334.dir/CheckIncludeFile.c.o
/bin/cc    -o CMakeFiles/cmTryCompileExec1959726334.dir/CheckIncludeFile.c.o   -c /home/nitin/CMSC733/dlib-19.2/build/CMakeFiles/CMakeTmp/CheckIncludeFile.c
Linking C executable cmTryCompileExec1959726334
/usr/bin/cmake -E cmake_link_script CMakeFiles/cmTryCompileExec1959726334.dir/link.txt --verbose=1
/bin/cc       CMakeFiles/cmTryCompileExec1959726334.dir/CheckIncludeFile.c.o  -o cmTryCompileExec1959726334 -rdynamic 
gmake[1]: Leaving directory `/home/nitin/CMSC733/dlib-19.2/build/CMakeFiles/CMakeTmp'


Determining size of void* passed with the following output:
Change Dir: /home/nitin/CMSC733/dlib-19.2/build/CMakeFiles/CMakeTmp

Run Build Command:/bin/gmake "cmTryCompileExec2324117457/fast"
/bin/gmake -f CMakeFiles/cmTryCompileExec2324117457.dir/build.make CMakeFiles/cmTryCompileExec2324117457.dir/build
gmake[1]: Entering directory `/home/nitin/CMSC733/dlib-19.2/build/CMakeFiles/CMakeTmp'
/usr/bin/cmake -E cmake_progress_report /home/nitin/CMSC733/dlib-19.2/build/CMakeFiles/CMakeTmp/CMakeFiles 1
Building C object CMakeFiles/cmTryCompileExec2324117457.dir/SIZE_OF_VOID_PTR.c.o
/bin/cc    -o CMakeFiles/cmTryCompileExec2324117457.dir/SIZE_OF_VOID_PTR.c.o   -c /home/nitin/CMSC733/dlib-19.2/build/CMakeFiles/CheckTypeSize/SIZE_OF_VOID_PTR.c
Linking C executable cmTryCompileExec2324117457
/usr/bin/cmake -E cmake_link_script CMakeFiles/cmTryCompileExec2324117457.dir/link.txt --verbose=1
/bin/cc       CMakeFiles/cmTryCompileExec2324117457.dir/SIZE_OF_VOID_PTR.c.o  -o cmTryCompileExec2324117457 -rdynamic -ljpeg 
gmake[1]: Leaving directory `/home/nitin/CMSC733/dlib-19.2/build/CMakeFiles/CMakeTmp'


